19:50:04:708  INFO 17056 --- [main] com.hmall.HMallApplication               : Starting HMallApplication using Java 17.0.14 on DESKTOP-TQ1K9GE with PID 17056 (C:\project\hmsc\hmall\hm-service\target\classes started by A in C:\project\hmsc\hmall)
19:50:04:712 DEBUG 17056 --- [main] com.hmall.HMallApplication               : Running with Spring Boot v2.7.12, Spring v5.3.27
19:50:04:714  INFO 17056 --- [main] com.hmall.HMallApplication               : The following 1 profile is active: "local"
19:50:06:161  INFO 17056 --- [main] .s.d.r.c.RepositoryConfigurationDelegate : Multiple Spring Data modules found, entering strict repository configuration mode
19:50:06:163  INFO 17056 --- [main] .s.d.r.c.RepositoryConfigurationDelegate : Bootstrapping Spring Data Redis repositories in DEFAULT mode.
19:50:06:190  INFO 17056 --- [main] .s.d.r.c.RepositoryConfigurationDelegate : Finished Spring Data repository scanning in 11 ms. Found 0 Redis repository interfaces.
19:50:06:652  INFO 17056 --- [main] o.s.b.w.embedded.tomcat.TomcatWebServer  : Tomcat initialized with port(s): 8080 (http)
19:50:06:659  INFO 17056 --- [main] o.apache.catalina.core.StandardService   : Starting service [Tomcat]
19:50:06:660  INFO 17056 --- [main] org.apache.catalina.core.StandardEngine  : Starting Servlet engine: [Apache Tomcat/9.0.75]
19:50:06:759  INFO 17056 --- [main] o.a.c.c.C.[Tomcat].[localhost].[/]       : Initializing Spring embedded WebApplicationContext
19:50:06:760  INFO 17056 --- [main] w.s.c.ServletWebServerApplicationContext : Root WebApplicationContext: initialization completed in 1995 ms
19:50:08:018  INFO 17056 --- [main] pertySourcedRequestMappingHandlerMapping : Mapped URL path [/v2/api-docs] onto method [springfox.documentation.swagger2.web.Swagger2ControllerWebMvc#getDocumentation(String, HttpServletRequest)]
19:50:08:361  WARN 17056 --- [main] ConfigServletWebServerApplicationContext : Exception encountered during context initialization - cancelling refresh attempt: org.springframework.context.ApplicationContextException: Failed to start bean 'webServerStartStop'; nested exception is org.springframework.boot.web.server.PortInUseException: Port 8080 is already in use
19:50:08:371  INFO 17056 --- [main] o.apache.catalina.core.StandardService   : Stopping service [Tomcat]
19:50:08:379  INFO 17056 --- [main] ConditionEvaluationReportLoggingListener : 

Error starting ApplicationContext. To display the conditions report re-run your application with 'debug' enabled.
19:50:08:392 ERROR 17056 --- [main] o.s.b.d.LoggingFailureAnalysisReporter   : 

***************************
APPLICATION FAILED TO START
***************************

Description:

Web server failed to start. Port 8080 was already in use.

Action:

Identify and stop the process that's listening on port 8080 or configure this application to listen on another port.

