09:38:34:859  INFO 21596 --- [main] com.hmall.cart.CartApplication           : The following 1 profile is active: "local"
09:38:35:770  INFO 21596 --- [main] o.s.cloud.context.scope.GenericScope     : BeanFactory id=e30297c5-25f7-3a39-a6c9-946612d9753d
09:38:36:535  INFO 21596 --- [main] o.s.b.w.embedded.tomcat.TomcatWebServer  : Tomcat initialized with port(s): 8082 (http)
09:38:36:547  INFO 21596 --- [main] o.apache.catalina.core.StandardService   : Starting service [Tomcat]
09:38:36:547  INFO 21596 --- [main] org.apache.catalina.core.StandardEngine  : Starting Servlet engine: [Apache Tomcat/9.0.75]
09:38:36:652  INFO 21596 --- [main] o.a.c.c.C.[Tomcat].[localhost].[/]       : Initializing Spring embedded WebApplicationContext
09:38:36:653  INFO 21596 --- [main] w.s.c.ServletWebServerApplicationContext : Root WebApplicationContext: initialization completed in 1749 ms
09:38:36:984  INFO 21596 --- [main] o.s.c.openfeign.FeignClientFactoryBean   : For 'item-service' URL not provided. Will try picking an instance via load-balancing.
09:38:38:062  INFO 21596 --- [main] c.a.c.sentinel.SentinelWebMvcConfigurer  : [Sentinel Starter] register SentinelWebInterceptor with urlPatterns: [/**].
09:38:38:655  INFO 21596 --- [main] pertySourcedRequestMappingHandlerMapping : Mapped URL path [/v2/api-docs] onto method [springfox.documentation.swagger2.web.Swagger2ControllerWebMvc#getDocumentation(String, HttpServletRequest)]
09:38:39:122  INFO 21596 --- [main] com.alibaba.nacos.common.remote.client   : [RpcClientFactory] create a new rpc client of 20d0f6c0-8572-4c55-8f3c-fd7a4aa518d1
09:38:39:122  INFO 21596 --- [main] com.alibaba.nacos.common.remote.client   : [20d0f6c0-8572-4c55-8f3c-fd7a4aa518d1] RpcClient init label, labels = {module=naming, source=sdk}
09:38:39:124  INFO 21596 --- [main] com.alibaba.nacos.common.remote.client   : [20d0f6c0-8572-4c55-8f3c-fd7a4aa518d1] RpcClient init, ServerListFactory = com.alibaba.nacos.client.naming.core.ServerListManager
09:38:39:124  INFO 21596 --- [main] com.alibaba.nacos.common.remote.client   : [20d0f6c0-8572-4c55-8f3c-fd7a4aa518d1] Registry connection listener to current client:com.alibaba.nacos.client.naming.remote.gprc.redo.NamingGrpcRedoService
09:38:39:125  INFO 21596 --- [main] com.alibaba.nacos.common.remote.client   : [20d0f6c0-8572-4c55-8f3c-fd7a4aa518d1] Register server push request handler:com.alibaba.nacos.client.naming.remote.gprc.NamingPushRequestHandler
09:38:39:126  INFO 21596 --- [main] com.alibaba.nacos.common.remote.client   : [20d0f6c0-8572-4c55-8f3c-fd7a4aa518d1] Try to connect to server on start up, server: {serverIp = '111.231.132.128', server main port = 8848}
09:38:39:289  INFO 21596 --- [main] com.alibaba.nacos.common.remote.client   : [20d0f6c0-8572-4c55-8f3c-fd7a4aa518d1] Success to connect to server [111.231.132.128:8848] on start up, connectionId = 1752975518363_180.164.143.222_65392
09:38:39:290  INFO 21596 --- [com.alibaba.nacos.client.remote.worker] com.alibaba.nacos.common.remote.client   : [20d0f6c0-8572-4c55-8f3c-fd7a4aa518d1] Notify connected event to listeners.
09:38:39:290  INFO 21596 --- [main] com.alibaba.nacos.common.remote.client   : [20d0f6c0-8572-4c55-8f3c-fd7a4aa518d1] Register server push request handler:com.alibaba.nacos.common.remote.client.RpcClient$ConnectResetRequestHandler
09:38:39:290  INFO 21596 --- [main] com.alibaba.nacos.common.remote.client   : [20d0f6c0-8572-4c55-8f3c-fd7a4aa518d1] Register server push request handler:com.alibaba.nacos.common.remote.client.RpcClient$$Lambda$484/0x000002f89a4c6bc0
09:38:39:355  INFO 21596 --- [main] o.s.b.w.embedded.tomcat.TomcatWebServer  : Tomcat started on port(s): 8082 (http) with context path ''
09:38:39:374  INFO 21596 --- [main] c.a.c.n.registry.NacosServiceRegistry    : nacos registry, DEFAULT_GROUP cart-service 192.168.2.4:8082 register finished
09:38:39:692  INFO 21596 --- [main] d.s.w.p.DocumentationPluginsBootstrapper : Documentation plugins bootstrapped
09:38:39:696  INFO 21596 --- [main] d.s.w.p.DocumentationPluginsBootstrapper : Found 1 custom documentation plugin(s)
09:38:39:723  INFO 21596 --- [main] s.d.s.w.s.ApiListingReferenceScanner     : Scanning for api listing references
09:38:39:821  INFO 21596 --- [main] com.hmall.cart.CartApplication           : Started CartApplication in 7.934 seconds (JVM running for 11.167)
09:38:39:828  INFO 21596 --- [main] c.a.c.n.refresh.NacosContextRefresher    : [Nacos Config] Listening config: dataId=cart-service, group=DEFAULT_GROUP
09:38:39:838  INFO 21596 --- [main] c.a.c.n.refresh.NacosContextRefresher    : [Nacos Config] Listening config: dataId=cart-service.yaml, group=DEFAULT_GROUP
09:38:39:838  INFO 21596 --- [main] c.a.c.n.refresh.NacosContextRefresher    : [Nacos Config] Listening config: dataId=cart-service-local.yaml, group=DEFAULT_GROUP
09:38:39:892  INFO 21596 --- [nacos-grpc-client-executor-5] com.alibaba.nacos.common.remote.client   : [20d0f6c0-8572-4c55-8f3c-fd7a4aa518d1] Receive server push request, request = NotifySubscriberRequest, requestId = 191
09:38:39:916  INFO 21596 --- [nacos-grpc-client-executor-5] com.alibaba.nacos.common.remote.client   : [20d0f6c0-8572-4c55-8f3c-fd7a4aa518d1] Ack server push request, request = NotifySubscriberRequest, requestId = 191
09:39:26:410  INFO 21596 --- [http-nio-8082-exec-3] o.apache.tomcat.util.http.parser.Cookie  : A cookie header was received [Hm_lvt_a1ff8825baa73c3a78eb96aa40325abc=1733717939,1733739366;] that contained an invalid cookie. That cookie will be ignored.
 Note: further occurrences of this error will be logged at DEBUG level.
09:39:26:414  INFO 21596 --- [http-nio-8082-exec-3] o.a.c.c.C.[Tomcat].[localhost].[/]       : Initializing Spring DispatcherServlet 'dispatcherServlet'
09:39:26:415  INFO 21596 --- [http-nio-8082-exec-3] o.s.web.servlet.DispatcherServlet        : Initializing Servlet 'dispatcherServlet'
09:39:26:417  INFO 21596 --- [http-nio-8082-exec-3] o.s.web.servlet.DispatcherServlet        : Completed initialization in 2 ms
09:39:26:583  INFO 21596 --- [http-nio-8082-exec-3] com.zaxxer.hikari.HikariDataSource       : HikariPool-1 - Starting...
09:39:26:841  INFO 21596 --- [http-nio-8082-exec-3] com.zaxxer.hikari.HikariDataSource       : HikariPool-1 - Start completed.
09:39:26:855 DEBUG 21596 --- [http-nio-8082-exec-3] c.h.cart.mapper.CartMapper.selectList    : ==>  Preparing: SELECT id,user_id,item_id,num,name,spec,price,image,create_time,update_time FROM cart WHERE (user_id = ?)
09:39:26:875 DEBUG 21596 --- [http-nio-8082-exec-3] c.h.cart.mapper.CartMapper.selectList    : ==> Parameters: 1(Long)
09:39:26:904 DEBUG 21596 --- [http-nio-8082-exec-3] c.h.cart.mapper.CartMapper.selectList    : <==      Total: 3
09:39:26:961 DEBUG 21596 --- [http-nio-8082-exec-3] com.hmall.api.client.ItemClient          : [ItemClient#queryItemByIds] ---> GET http://item-service/items?ids=2120808&ids=100000003145&ids=14741770661 HTTP/1.1
09:39:26:961 DEBUG 21596 --- [http-nio-8082-exec-3] com.hmall.api.client.ItemClient          : [ItemClient#queryItemByIds] user-info: 1
09:39:26:961 DEBUG 21596 --- [http-nio-8082-exec-3] com.hmall.api.client.ItemClient          : [ItemClient#queryItemByIds] ---> END HTTP (0-byte body)
09:39:27:570 DEBUG 21596 --- [http-nio-8082-exec-3] com.hmall.api.client.ItemClient          : [ItemClient#queryItemByIds] <--- HTTP/1.1 200  (608ms)
09:39:27:570 DEBUG 21596 --- [http-nio-8082-exec-3] com.hmall.api.client.ItemClient          : [ItemClient#queryItemByIds] connection: keep-alive
09:39:27:570 DEBUG 21596 --- [http-nio-8082-exec-3] com.hmall.api.client.ItemClient          : [ItemClient#queryItemByIds] content-type: application/json
09:39:27:570 DEBUG 21596 --- [http-nio-8082-exec-3] com.hmall.api.client.ItemClient          : [ItemClient#queryItemByIds] date: Sun, 20 Jul 2025 01:39:27 GMT
09:39:27:570 DEBUG 21596 --- [http-nio-8082-exec-3] com.hmall.api.client.ItemClient          : [ItemClient#queryItemByIds] keep-alive: timeout=60
09:39:27:570 DEBUG 21596 --- [http-nio-8082-exec-3] com.hmall.api.client.ItemClient          : [ItemClient#queryItemByIds] transfer-encoding: chunked
09:39:27:571 DEBUG 21596 --- [http-nio-8082-exec-3] com.hmall.api.client.ItemClient          : [ItemClient#queryItemByIds] 
09:39:27:571 DEBUG 21596 --- [http-nio-8082-exec-3] com.hmall.api.client.ItemClient          : [ItemClient#queryItemByIds] [{"id":"2120808","name":"姬龙雪 guy laroche女包 GL经典手提包女牛皮大容量单肩包女欧美时尚包包女包GS1210001-06杏色","price":71800,"stock":-26,"image":"https://m.360buyimg.com/mobilecms/s720x720_jfs/t30694/267/398774087/90954/6fc143cf/5bf25358N14dadbf7.jpg!q70.jpg.webp","category":"真皮包","brand":"姬龙雪","spec":"{}","sold":0,"commentCount":0,"isAD":false,"status":1},{"id":"14741770661","name":"康佳（KONKA） LED49UC3 49英寸超薄曲面36核4K HDR人工智能电视","price":144600,"stock":10000,"image":"https://m.360buyimg.com/mobilecms/s720x720_jfs/t16477/84/2032772431/400946/2887be91/5a912776N7e343ec3.jpg!q70.jpg.webp","category":"曲面电视","brand":"康佳","spec":"{}","sold":0,"commentCount":0,"isAD":false,"status":1},{"id":"100000003145","name":"vivo X23 8GB+128GB 幻夜蓝 水滴屏全面屏 游戏手机 移动联通电信全网通4G手机","price":95900,"stock":10000,"image":"https://m.360buyimg.com/mobilecms/s720x720_jfs/t1/4612/28/6223/298257/5ba22d66Ef665222f/d97ed0b25cbe8c6e.jpg!q70.jpg.webp","category":"手机","brand":"vivo","spec":"{\"颜色\": \"红色\", \"版本\": \"8GB+128GB\"}","sold":11212,"commentCount":1231312,"isAD":true,"status":1}]
09:39:27:571 DEBUG 21596 --- [http-nio-8082-exec-3] com.hmall.api.client.ItemClient          : [ItemClient#queryItemByIds] <--- END HTTP (1217-byte body)
09:39:27:600  INFO 21596 --- [nacos-grpc-client-executor-17] com.alibaba.nacos.common.remote.client   : [20d0f6c0-8572-4c55-8f3c-fd7a4aa518d1] Receive server push request, request = NotifySubscriberRequest, requestId = 198
09:39:27:601  INFO 21596 --- [nacos-grpc-client-executor-17] com.alibaba.nacos.common.remote.client   : [20d0f6c0-8572-4c55-8f3c-fd7a4aa518d1] Ack server push request, request = NotifySubscriberRequest, requestId = 198
09:40:01:656 DEBUG 21596 --- [http-nio-8082-exec-4] c.h.cart.mapper.CartMapper.updateById    : ==>  Preparing: UPDATE cart SET num=? WHERE id=?
09:40:01:656 DEBUG 21596 --- [http-nio-8082-exec-4] c.h.cart.mapper.CartMapper.updateById    : ==> Parameters: 2(Integer), 12(Long)
09:40:01:699 DEBUG 21596 --- [http-nio-8082-exec-4] c.h.cart.mapper.CartMapper.updateById    : <==    Updates: 1
09:40:01:717 DEBUG 21596 --- [http-nio-8082-exec-7] c.h.cart.mapper.CartMapper.selectList    : ==>  Preparing: SELECT id,user_id,item_id,num,name,spec,price,image,create_time,update_time FROM cart WHERE (user_id = ?)
09:40:01:717 DEBUG 21596 --- [http-nio-8082-exec-7] c.h.cart.mapper.CartMapper.selectList    : ==> Parameters: 1(Long)
09:40:01:729 DEBUG 21596 --- [http-nio-8082-exec-7] c.h.cart.mapper.CartMapper.selectList    : <==      Total: 3
09:40:01:731 DEBUG 21596 --- [http-nio-8082-exec-7] com.hmall.api.client.ItemClient          : [ItemClient#queryItemByIds] ---> GET http://item-service/items?ids=2120808&ids=100000003145&ids=14741770661 HTTP/1.1
09:40:01:731 DEBUG 21596 --- [http-nio-8082-exec-7] com.hmall.api.client.ItemClient          : [ItemClient#queryItemByIds] user-info: 1
09:40:01:731 DEBUG 21596 --- [http-nio-8082-exec-7] com.hmall.api.client.ItemClient          : [ItemClient#queryItemByIds] ---> END HTTP (0-byte body)
09:40:02:311 DEBUG 21596 --- [http-nio-8082-exec-7] com.hmall.api.client.ItemClient          : [ItemClient#queryItemByIds] <--- HTTP/1.1 200  (580ms)
09:40:02:312 DEBUG 21596 --- [http-nio-8082-exec-7] com.hmall.api.client.ItemClient          : [ItemClient#queryItemByIds] connection: keep-alive
09:40:02:312 DEBUG 21596 --- [http-nio-8082-exec-7] com.hmall.api.client.ItemClient          : [ItemClient#queryItemByIds] content-type: application/json
09:40:02:312 DEBUG 21596 --- [http-nio-8082-exec-7] com.hmall.api.client.ItemClient          : [ItemClient#queryItemByIds] date: Sun, 20 Jul 2025 01:40:02 GMT
09:40:02:312 DEBUG 21596 --- [http-nio-8082-exec-7] com.hmall.api.client.ItemClient          : [ItemClient#queryItemByIds] keep-alive: timeout=60
09:40:02:312 DEBUG 21596 --- [http-nio-8082-exec-7] com.hmall.api.client.ItemClient          : [ItemClient#queryItemByIds] transfer-encoding: chunked
09:40:02:312 DEBUG 21596 --- [http-nio-8082-exec-7] com.hmall.api.client.ItemClient          : [ItemClient#queryItemByIds] 
09:40:02:312 DEBUG 21596 --- [http-nio-8082-exec-7] com.hmall.api.client.ItemClient          : [ItemClient#queryItemByIds] [{"id":"2120808","name":"姬龙雪 guy laroche女包 GL经典手提包女牛皮大容量单肩包女欧美时尚包包女包GS1210001-06杏色","price":71800,"stock":-26,"image":"https://m.360buyimg.com/mobilecms/s720x720_jfs/t30694/267/398774087/90954/6fc143cf/5bf25358N14dadbf7.jpg!q70.jpg.webp","category":"真皮包","brand":"姬龙雪","spec":"{}","sold":0,"commentCount":0,"isAD":false,"status":1},{"id":"14741770661","name":"康佳（KONKA） LED49UC3 49英寸超薄曲面36核4K HDR人工智能电视","price":144600,"stock":10000,"image":"https://m.360buyimg.com/mobilecms/s720x720_jfs/t16477/84/2032772431/400946/2887be91/5a912776N7e343ec3.jpg!q70.jpg.webp","category":"曲面电视","brand":"康佳","spec":"{}","sold":0,"commentCount":0,"isAD":false,"status":1},{"id":"100000003145","name":"vivo X23 8GB+128GB 幻夜蓝 水滴屏全面屏 游戏手机 移动联通电信全网通4G手机","price":95900,"stock":10000,"image":"https://m.360buyimg.com/mobilecms/s720x720_jfs/t1/4612/28/6223/298257/5ba22d66Ef665222f/d97ed0b25cbe8c6e.jpg!q70.jpg.webp","category":"手机","brand":"vivo","spec":"{\"颜色\": \"红色\", \"版本\": \"8GB+128GB\"}","sold":11212,"commentCount":1231312,"isAD":true,"status":1}]
09:40:02:313 DEBUG 21596 --- [http-nio-8082-exec-7] com.hmall.api.client.ItemClient          : [ItemClient#queryItemByIds] <--- END HTTP (1217-byte body)
09:40:02:843 DEBUG 21596 --- [http-nio-8082-exec-8] c.h.cart.mapper.CartMapper.updateById    : ==>  Preparing: UPDATE cart SET num=? WHERE id=?
09:40:02:843 DEBUG 21596 --- [http-nio-8082-exec-8] c.h.cart.mapper.CartMapper.updateById    : ==> Parameters: 1(Integer), 12(Long)
09:40:02:869 DEBUG 21596 --- [http-nio-8082-exec-8] c.h.cart.mapper.CartMapper.updateById    : <==    Updates: 1
09:40:02:878 DEBUG 21596 --- [http-nio-8082-exec-1] c.h.cart.mapper.CartMapper.selectList    : ==>  Preparing: SELECT id,user_id,item_id,num,name,spec,price,image,create_time,update_time FROM cart WHERE (user_id = ?)
09:40:02:878 DEBUG 21596 --- [http-nio-8082-exec-1] c.h.cart.mapper.CartMapper.selectList    : ==> Parameters: 1(Long)
09:40:02:889 DEBUG 21596 --- [http-nio-8082-exec-1] c.h.cart.mapper.CartMapper.selectList    : <==      Total: 3
09:40:02:890 DEBUG 21596 --- [http-nio-8082-exec-1] com.hmall.api.client.ItemClient          : [ItemClient#queryItemByIds] ---> GET http://item-service/items?ids=2120808&ids=100000003145&ids=14741770661 HTTP/1.1
09:40:02:890 DEBUG 21596 --- [http-nio-8082-exec-1] com.hmall.api.client.ItemClient          : [ItemClient#queryItemByIds] user-info: 1
09:40:02:890 DEBUG 21596 --- [http-nio-8082-exec-1] com.hmall.api.client.ItemClient          : [ItemClient#queryItemByIds] ---> END HTTP (0-byte body)
09:40:02:916 DEBUG 21596 --- [http-nio-8082-exec-1] com.hmall.api.client.ItemClient          : [ItemClient#queryItemByIds] <--- HTTP/1.1 200  (25ms)
09:40:02:916 DEBUG 21596 --- [http-nio-8082-exec-1] com.hmall.api.client.ItemClient          : [ItemClient#queryItemByIds] connection: keep-alive
09:40:02:916 DEBUG 21596 --- [http-nio-8082-exec-1] com.hmall.api.client.ItemClient          : [ItemClient#queryItemByIds] content-type: application/json
09:40:02:916 DEBUG 21596 --- [http-nio-8082-exec-1] com.hmall.api.client.ItemClient          : [ItemClient#queryItemByIds] date: Sun, 20 Jul 2025 01:40:02 GMT
09:40:02:916 DEBUG 21596 --- [http-nio-8082-exec-1] com.hmall.api.client.ItemClient          : [ItemClient#queryItemByIds] keep-alive: timeout=60
09:40:02:916 DEBUG 21596 --- [http-nio-8082-exec-1] com.hmall.api.client.ItemClient          : [ItemClient#queryItemByIds] transfer-encoding: chunked
09:40:02:917 DEBUG 21596 --- [http-nio-8082-exec-1] com.hmall.api.client.ItemClient          : [ItemClient#queryItemByIds] 
09:40:02:917 DEBUG 21596 --- [http-nio-8082-exec-1] com.hmall.api.client.ItemClient          : [ItemClient#queryItemByIds] [{"id":"2120808","name":"姬龙雪 guy laroche女包 GL经典手提包女牛皮大容量单肩包女欧美时尚包包女包GS1210001-06杏色","price":71800,"stock":-26,"image":"https://m.360buyimg.com/mobilecms/s720x720_jfs/t30694/267/398774087/90954/6fc143cf/5bf25358N14dadbf7.jpg!q70.jpg.webp","category":"真皮包","brand":"姬龙雪","spec":"{}","sold":0,"commentCount":0,"isAD":false,"status":1},{"id":"14741770661","name":"康佳（KONKA） LED49UC3 49英寸超薄曲面36核4K HDR人工智能电视","price":144600,"stock":10000,"image":"https://m.360buyimg.com/mobilecms/s720x720_jfs/t16477/84/2032772431/400946/2887be91/5a912776N7e343ec3.jpg!q70.jpg.webp","category":"曲面电视","brand":"康佳","spec":"{}","sold":0,"commentCount":0,"isAD":false,"status":1},{"id":"100000003145","name":"vivo X23 8GB+128GB 幻夜蓝 水滴屏全面屏 游戏手机 移动联通电信全网通4G手机","price":95900,"stock":10000,"image":"https://m.360buyimg.com/mobilecms/s720x720_jfs/t1/4612/28/6223/298257/5ba22d66Ef665222f/d97ed0b25cbe8c6e.jpg!q70.jpg.webp","category":"手机","brand":"vivo","spec":"{\"颜色\": \"红色\", \"版本\": \"8GB+128GB\"}","sold":11212,"commentCount":1231312,"isAD":true,"status":1}]
09:40:02:917 DEBUG 21596 --- [http-nio-8082-exec-1] com.hmall.api.client.ItemClient          : [ItemClient#queryItemByIds] <--- END HTTP (1217-byte body)
09:40:05:734 DEBUG 21596 --- [http-nio-8082-exec-2] c.h.cart.mapper.CartMapper.selectList    : ==>  Preparing: SELECT id,user_id,item_id,num,name,spec,price,image,create_time,update_time FROM cart WHERE (user_id = ?)
09:40:05:734 DEBUG 21596 --- [http-nio-8082-exec-2] c.h.cart.mapper.CartMapper.selectList    : ==> Parameters: 1(Long)
09:40:05:745 DEBUG 21596 --- [http-nio-8082-exec-2] c.h.cart.mapper.CartMapper.selectList    : <==      Total: 3
09:40:05:746 DEBUG 21596 --- [http-nio-8082-exec-2] com.hmall.api.client.ItemClient          : [ItemClient#queryItemByIds] ---> GET http://item-service/items?ids=2120808&ids=100000003145&ids=14741770661 HTTP/1.1
09:40:05:746 DEBUG 21596 --- [http-nio-8082-exec-2] com.hmall.api.client.ItemClient          : [ItemClient#queryItemByIds] user-info: 1
09:40:05:746 DEBUG 21596 --- [http-nio-8082-exec-2] com.hmall.api.client.ItemClient          : [ItemClient#queryItemByIds] ---> END HTTP (0-byte body)
09:40:05:768 DEBUG 21596 --- [http-nio-8082-exec-2] com.hmall.api.client.ItemClient          : [ItemClient#queryItemByIds] <--- HTTP/1.1 200  (22ms)
09:40:05:768 DEBUG 21596 --- [http-nio-8082-exec-2] com.hmall.api.client.ItemClient          : [ItemClient#queryItemByIds] connection: keep-alive
09:40:05:768 DEBUG 21596 --- [http-nio-8082-exec-2] com.hmall.api.client.ItemClient          : [ItemClient#queryItemByIds] content-type: application/json
09:40:05:768 DEBUG 21596 --- [http-nio-8082-exec-2] com.hmall.api.client.ItemClient          : [ItemClient#queryItemByIds] date: Sun, 20 Jul 2025 01:40:05 GMT
09:40:05:768 DEBUG 21596 --- [http-nio-8082-exec-2] com.hmall.api.client.ItemClient          : [ItemClient#queryItemByIds] keep-alive: timeout=60
09:40:05:768 DEBUG 21596 --- [http-nio-8082-exec-2] com.hmall.api.client.ItemClient          : [ItemClient#queryItemByIds] transfer-encoding: chunked
09:40:05:768 DEBUG 21596 --- [http-nio-8082-exec-2] com.hmall.api.client.ItemClient          : [ItemClient#queryItemByIds] 
09:40:05:768 DEBUG 21596 --- [http-nio-8082-exec-2] com.hmall.api.client.ItemClient          : [ItemClient#queryItemByIds] [{"id":"2120808","name":"姬龙雪 guy laroche女包 GL经典手提包女牛皮大容量单肩包女欧美时尚包包女包GS1210001-06杏色","price":71800,"stock":-26,"image":"https://m.360buyimg.com/mobilecms/s720x720_jfs/t30694/267/398774087/90954/6fc143cf/5bf25358N14dadbf7.jpg!q70.jpg.webp","category":"真皮包","brand":"姬龙雪","spec":"{}","sold":0,"commentCount":0,"isAD":false,"status":1},{"id":"14741770661","name":"康佳（KONKA） LED49UC3 49英寸超薄曲面36核4K HDR人工智能电视","price":144600,"stock":10000,"image":"https://m.360buyimg.com/mobilecms/s720x720_jfs/t16477/84/2032772431/400946/2887be91/5a912776N7e343ec3.jpg!q70.jpg.webp","category":"曲面电视","brand":"康佳","spec":"{}","sold":0,"commentCount":0,"isAD":false,"status":1},{"id":"100000003145","name":"vivo X23 8GB+128GB 幻夜蓝 水滴屏全面屏 游戏手机 移动联通电信全网通4G手机","price":95900,"stock":10000,"image":"https://m.360buyimg.com/mobilecms/s720x720_jfs/t1/4612/28/6223/298257/5ba22d66Ef665222f/d97ed0b25cbe8c6e.jpg!q70.jpg.webp","category":"手机","brand":"vivo","spec":"{\"颜色\": \"红色\", \"版本\": \"8GB+128GB\"}","sold":11212,"commentCount":1231312,"isAD":true,"status":1}]
09:40:05:769 DEBUG 21596 --- [http-nio-8082-exec-2] com.hmall.api.client.ItemClient          : [ItemClient#queryItemByIds] <--- END HTTP (1217-byte body)
09:40:09:779 DEBUG 21596 --- [http-nio-8082-exec-5] c.h.cart.mapper.CartMapper.selectCount   : ==>  Preparing: SELECT COUNT( * ) FROM cart WHERE (user_id = ? AND item_id = ?)
09:40:09:779 DEBUG 21596 --- [http-nio-8082-exec-5] c.h.cart.mapper.CartMapper.selectCount   : ==> Parameters: 1(Long), 14741770661(Long)
09:40:09:789 DEBUG 21596 --- [http-nio-8082-exec-5] c.h.cart.mapper.CartMapper.selectCount   : <==      Total: 1
09:40:09:790 DEBUG 21596 --- [http-nio-8082-exec-5] c.h.cart.mapper.CartMapper.updateNum     : ==>  Preparing: UPDATE cart SET num = num + 1 WHERE user_id = ? AND item_id = ?
09:40:09:790 DEBUG 21596 --- [http-nio-8082-exec-5] c.h.cart.mapper.CartMapper.updateNum     : ==> Parameters: 1(Long), 14741770661(Long)
09:40:09:813 DEBUG 21596 --- [http-nio-8082-exec-5] c.h.cart.mapper.CartMapper.updateNum     : <==    Updates: 1
09:40:09:850 DEBUG 21596 --- [http-nio-8082-exec-6] c.h.cart.mapper.CartMapper.selectList    : ==>  Preparing: SELECT id,user_id,item_id,num,name,spec,price,image,create_time,update_time FROM cart WHERE (user_id = ?)
09:40:09:850 DEBUG 21596 --- [http-nio-8082-exec-6] c.h.cart.mapper.CartMapper.selectList    : ==> Parameters: 1(Long)
09:40:09:861 DEBUG 21596 --- [http-nio-8082-exec-6] c.h.cart.mapper.CartMapper.selectList    : <==      Total: 3
09:40:09:863 DEBUG 21596 --- [http-nio-8082-exec-6] com.hmall.api.client.ItemClient          : [ItemClient#queryItemByIds] ---> GET http://item-service/items?ids=2120808&ids=100000003145&ids=14741770661 HTTP/1.1
09:40:09:863 DEBUG 21596 --- [http-nio-8082-exec-6] com.hmall.api.client.ItemClient          : [ItemClient#queryItemByIds] user-info: 1
09:40:09:863 DEBUG 21596 --- [http-nio-8082-exec-6] com.hmall.api.client.ItemClient          : [ItemClient#queryItemByIds] ---> END HTTP (0-byte body)
09:40:09:885 DEBUG 21596 --- [http-nio-8082-exec-6] com.hmall.api.client.ItemClient          : [ItemClient#queryItemByIds] <--- HTTP/1.1 200  (21ms)
09:40:09:885 DEBUG 21596 --- [http-nio-8082-exec-6] com.hmall.api.client.ItemClient          : [ItemClient#queryItemByIds] connection: keep-alive
09:40:09:885 DEBUG 21596 --- [http-nio-8082-exec-6] com.hmall.api.client.ItemClient          : [ItemClient#queryItemByIds] content-type: application/json
09:40:09:885 DEBUG 21596 --- [http-nio-8082-exec-6] com.hmall.api.client.ItemClient          : [ItemClient#queryItemByIds] date: Sun, 20 Jul 2025 01:40:09 GMT
09:40:09:885 DEBUG 21596 --- [http-nio-8082-exec-6] com.hmall.api.client.ItemClient          : [ItemClient#queryItemByIds] keep-alive: timeout=60
09:40:09:885 DEBUG 21596 --- [http-nio-8082-exec-6] com.hmall.api.client.ItemClient          : [ItemClient#queryItemByIds] transfer-encoding: chunked
09:40:09:885 DEBUG 21596 --- [http-nio-8082-exec-6] com.hmall.api.client.ItemClient          : [ItemClient#queryItemByIds] 
09:40:09:885 DEBUG 21596 --- [http-nio-8082-exec-6] com.hmall.api.client.ItemClient          : [ItemClient#queryItemByIds] [{"id":"2120808","name":"姬龙雪 guy laroche女包 GL经典手提包女牛皮大容量单肩包女欧美时尚包包女包GS1210001-06杏色","price":71800,"stock":-26,"image":"https://m.360buyimg.com/mobilecms/s720x720_jfs/t30694/267/398774087/90954/6fc143cf/5bf25358N14dadbf7.jpg!q70.jpg.webp","category":"真皮包","brand":"姬龙雪","spec":"{}","sold":0,"commentCount":0,"isAD":false,"status":1},{"id":"14741770661","name":"康佳（KONKA） LED49UC3 49英寸超薄曲面36核4K HDR人工智能电视","price":144600,"stock":10000,"image":"https://m.360buyimg.com/mobilecms/s720x720_jfs/t16477/84/2032772431/400946/2887be91/5a912776N7e343ec3.jpg!q70.jpg.webp","category":"曲面电视","brand":"康佳","spec":"{}","sold":0,"commentCount":0,"isAD":false,"status":1},{"id":"100000003145","name":"vivo X23 8GB+128GB 幻夜蓝 水滴屏全面屏 游戏手机 移动联通电信全网通4G手机","price":95900,"stock":10000,"image":"https://m.360buyimg.com/mobilecms/s720x720_jfs/t1/4612/28/6223/298257/5ba22d66Ef665222f/d97ed0b25cbe8c6e.jpg!q70.jpg.webp","category":"手机","brand":"vivo","spec":"{\"颜色\": \"红色\", \"版本\": \"8GB+128GB\"}","sold":11212,"commentCount":1231312,"isAD":true,"status":1}]
09:40:09:885 DEBUG 21596 --- [http-nio-8082-exec-6] com.hmall.api.client.ItemClient          : [ItemClient#queryItemByIds] <--- END HTTP (1217-byte body)
09:40:20:471 DEBUG 21596 --- [http-nio-8082-exec-9] c.h.cart.mapper.CartMapper.deleteById    : ==>  Preparing: DELETE FROM cart WHERE id=?
09:40:20:471 DEBUG 21596 --- [http-nio-8082-exec-9] c.h.cart.mapper.CartMapper.deleteById    : ==> Parameters: 13(Long)
09:40:20:494 DEBUG 21596 --- [http-nio-8082-exec-9] c.h.cart.mapper.CartMapper.deleteById    : <==    Updates: 1
09:40:20:503 DEBUG 21596 --- [http-nio-8082-exec-10] c.h.cart.mapper.CartMapper.selectList    : ==>  Preparing: SELECT id,user_id,item_id,num,name,spec,price,image,create_time,update_time FROM cart WHERE (user_id = ?)
09:40:20:503 DEBUG 21596 --- [http-nio-8082-exec-10] c.h.cart.mapper.CartMapper.selectList    : ==> Parameters: 1(Long)
09:40:20:513 DEBUG 21596 --- [http-nio-8082-exec-10] c.h.cart.mapper.CartMapper.selectList    : <==      Total: 2
09:40:20:514 DEBUG 21596 --- [http-nio-8082-exec-10] com.hmall.api.client.ItemClient          : [ItemClient#queryItemByIds] ---> GET http://item-service/items?ids=2120808&ids=14741770661 HTTP/1.1
09:40:20:514 DEBUG 21596 --- [http-nio-8082-exec-10] com.hmall.api.client.ItemClient          : [ItemClient#queryItemByIds] user-info: 1
09:40:20:514 DEBUG 21596 --- [http-nio-8082-exec-10] com.hmall.api.client.ItemClient          : [ItemClient#queryItemByIds] ---> END HTTP (0-byte body)
09:40:20:536 DEBUG 21596 --- [http-nio-8082-exec-10] com.hmall.api.client.ItemClient          : [ItemClient#queryItemByIds] <--- HTTP/1.1 200  (21ms)
09:40:20:537 DEBUG 21596 --- [http-nio-8082-exec-10] com.hmall.api.client.ItemClient          : [ItemClient#queryItemByIds] connection: keep-alive
09:40:20:537 DEBUG 21596 --- [http-nio-8082-exec-10] com.hmall.api.client.ItemClient          : [ItemClient#queryItemByIds] content-type: application/json
09:40:20:537 DEBUG 21596 --- [http-nio-8082-exec-10] com.hmall.api.client.ItemClient          : [ItemClient#queryItemByIds] date: Sun, 20 Jul 2025 01:40:20 GMT
09:40:20:537 DEBUG 21596 --- [http-nio-8082-exec-10] com.hmall.api.client.ItemClient          : [ItemClient#queryItemByIds] keep-alive: timeout=60
09:40:20:537 DEBUG 21596 --- [http-nio-8082-exec-10] com.hmall.api.client.ItemClient          : [ItemClient#queryItemByIds] transfer-encoding: chunked
09:40:20:537 DEBUG 21596 --- [http-nio-8082-exec-10] com.hmall.api.client.ItemClient          : [ItemClient#queryItemByIds] 
09:40:20:537 DEBUG 21596 --- [http-nio-8082-exec-10] com.hmall.api.client.ItemClient          : [ItemClient#queryItemByIds] [{"id":"2120808","name":"姬龙雪 guy laroche女包 GL经典手提包女牛皮大容量单肩包女欧美时尚包包女包GS1210001-06杏色","price":71800,"stock":-26,"image":"https://m.360buyimg.com/mobilecms/s720x720_jfs/t30694/267/398774087/90954/6fc143cf/5bf25358N14dadbf7.jpg!q70.jpg.webp","category":"真皮包","brand":"姬龙雪","spec":"{}","sold":0,"commentCount":0,"isAD":false,"status":1},{"id":"14741770661","name":"康佳（KONKA） LED49UC3 49英寸超薄曲面36核4K HDR人工智能电视","price":144600,"stock":10000,"image":"https://m.360buyimg.com/mobilecms/s720x720_jfs/t16477/84/2032772431/400946/2887be91/5a912776N7e343ec3.jpg!q70.jpg.webp","category":"曲面电视","brand":"康佳","spec":"{}","sold":0,"commentCount":0,"isAD":false,"status":1}]
09:40:20:537 DEBUG 21596 --- [http-nio-8082-exec-10] com.hmall.api.client.ItemClient          : [ItemClient#queryItemByIds] <--- END HTTP (774-byte body)
10:21:48:747  WARN 21596 --- [http-nio-8082-exec-4] com.zaxxer.hikari.pool.PoolBase          : HikariPool-1 - Failed to validate connection com.mysql.cj.jdbc.ConnectionImpl@52f717c1 (No operations allowed after connection closed.). Possibly consider using a shorter maxLifetime value.
10:21:58:763  WARN 21596 --- [http-nio-8082-exec-4] com.zaxxer.hikari.pool.PoolBase          : HikariPool-1 - Failed to validate connection com.mysql.cj.jdbc.ConnectionImpl@650418de (No operations allowed after connection closed.). Possibly consider using a shorter maxLifetime value.
10:22:00:537  WARN 21596 --- [http-nio-8082-exec-7] com.zaxxer.hikari.pool.PoolBase          : HikariPool-1 - Failed to validate connection com.mysql.cj.jdbc.ConnectionImpl@484dc824 (No operations allowed after connection closed.). Possibly consider using a shorter maxLifetime value.
10:22:01:282  WARN 21596 --- [http-nio-8082-exec-8] com.zaxxer.hikari.pool.PoolBase          : HikariPool-1 - Failed to validate connection com.mysql.cj.jdbc.ConnectionImpl@cfe0dc7 (No operations allowed after connection closed.). Possibly consider using a shorter maxLifetime value.
10:22:02:162  WARN 21596 --- [http-nio-8082-exec-1] com.zaxxer.hikari.pool.PoolBase          : HikariPool-1 - Failed to validate connection com.mysql.cj.jdbc.ConnectionImpl@4dba49ba (No operations allowed after connection closed.). Possibly consider using a shorter maxLifetime value.
10:22:02:167 DEBUG 21596 --- [http-nio-8082-exec-1] c.h.cart.mapper.CartMapper.selectList    : ==>  Preparing: SELECT id,user_id,item_id,num,name,spec,price,image,create_time,update_time FROM cart WHERE (user_id = ?)
10:22:02:167 DEBUG 21596 --- [http-nio-8082-exec-1] c.h.cart.mapper.CartMapper.selectList    : ==> Parameters: 1(Long)
10:22:02:181 DEBUG 21596 --- [http-nio-8082-exec-1] c.h.cart.mapper.CartMapper.selectList    : <==      Total: 2
10:22:02:183 DEBUG 21596 --- [http-nio-8082-exec-1] com.hmall.api.client.ItemClient          : [ItemClient#queryItemByIds] ---> GET http://item-service/items?ids=2120808&ids=14741770661 HTTP/1.1
10:22:02:184 DEBUG 21596 --- [http-nio-8082-exec-1] com.hmall.api.client.ItemClient          : [ItemClient#queryItemByIds] user-info: 1
10:22:02:184 DEBUG 21596 --- [http-nio-8082-exec-1] com.hmall.api.client.ItemClient          : [ItemClient#queryItemByIds] ---> END HTTP (0-byte body)
10:22:02:688  WARN 21596 --- [http-nio-8082-exec-2] com.zaxxer.hikari.pool.PoolBase          : HikariPool-1 - Failed to validate connection com.mysql.cj.jdbc.ConnectionImpl@11fa1ea7 (No operations allowed after connection closed.). Possibly consider using a shorter maxLifetime value.
10:22:02:696 DEBUG 21596 --- [http-nio-8082-exec-2] c.h.cart.mapper.CartMapper.selectList    : ==>  Preparing: SELECT id,user_id,item_id,num,name,spec,price,image,create_time,update_time FROM cart WHERE (user_id = ?)
10:22:02:696 DEBUG 21596 --- [http-nio-8082-exec-2] c.h.cart.mapper.CartMapper.selectList    : ==> Parameters: 1(Long)
10:22:02:703 DEBUG 21596 --- [http-nio-8082-exec-2] c.h.cart.mapper.CartMapper.selectList    : <==      Total: 2
10:22:02:709 DEBUG 21596 --- [http-nio-8082-exec-2] com.hmall.api.client.ItemClient          : [ItemClient#queryItemByIds] ---> GET http://item-service/items?ids=2120808&ids=14741770661 HTTP/1.1
10:22:02:709 DEBUG 21596 --- [http-nio-8082-exec-2] com.hmall.api.client.ItemClient          : [ItemClient#queryItemByIds] user-info: 1
10:22:02:709 DEBUG 21596 --- [http-nio-8082-exec-2] com.hmall.api.client.ItemClient          : [ItemClient#queryItemByIds] ---> END HTTP (0-byte body)
10:22:02:718  WARN 21596 --- [Thread-1] c.a.n.common.http.HttpClientBeanHolder   : [HttpClientBeanHolder] Start destroying common HttpClient
10:22:02:720  WARN 21596 --- [Thread-1] c.a.n.common.http.HttpClientBeanHolder   : [HttpClientBeanHolder] Destruction of the end
10:22:02:720  WARN 21596 --- [Thread-5] c.a.nacos.common.notify.NotifyCenter     : [NotifyCenter] Start destroying Publisher
10:22:02:722  WARN 21596 --- [Thread-5] c.a.nacos.common.notify.NotifyCenter     : [NotifyCenter] Destruction of the end
10:22:04:172  WARN 21596 --- [http-nio-8082-exec-5] com.zaxxer.hikari.pool.PoolBase          : HikariPool-1 - Failed to validate connection com.mysql.cj.jdbc.ConnectionImpl@4d03f48e (No operations allowed after connection closed.). Possibly consider using a shorter maxLifetime value.
10:22:04:181 DEBUG 21596 --- [http-nio-8082-exec-5] c.h.cart.mapper.CartMapper.selectList    : ==>  Preparing: SELECT id,user_id,item_id,num,name,spec,price,image,create_time,update_time FROM cart WHERE (user_id = ?)
10:22:04:181 DEBUG 21596 --- [http-nio-8082-exec-5] c.h.cart.mapper.CartMapper.selectList    : ==> Parameters: 1(Long)
10:22:04:191 DEBUG 21596 --- [http-nio-8082-exec-5] c.h.cart.mapper.CartMapper.selectList    : <==      Total: 2
10:22:04:192 DEBUG 21596 --- [http-nio-8082-exec-5] com.hmall.api.client.ItemClient          : [ItemClient#queryItemByIds] ---> GET http://item-service/items?ids=2120808&ids=14741770661 HTTP/1.1
10:22:04:192 DEBUG 21596 --- [http-nio-8082-exec-5] com.hmall.api.client.ItemClient          : [ItemClient#queryItemByIds] user-info: 1
10:22:04:192 DEBUG 21596 --- [http-nio-8082-exec-5] com.hmall.api.client.ItemClient          : [ItemClient#queryItemByIds] ---> END HTTP (0-byte body)
10:22:11:456  INFO 6528 --- [main] com.hmall.cart.CartApplication           : The following 1 profile is active: "local"
10:22:12:087  INFO 6528 --- [main] o.s.cloud.context.scope.GenericScope     : BeanFactory id=2e91d9f8-ac06-3bf4-b335-b11da38607ff
10:22:12:487  INFO 6528 --- [main] o.s.b.w.embedded.tomcat.TomcatWebServer  : Tomcat initialized with port(s): 8082 (http)
10:22:12:494  INFO 6528 --- [main] o.apache.catalina.core.StandardService   : Starting service [Tomcat]
10:22:12:495  INFO 6528 --- [main] org.apache.catalina.core.StandardEngine  : Starting Servlet engine: [Apache Tomcat/9.0.75]
10:22:12:569  INFO 6528 --- [main] o.a.c.c.C.[Tomcat].[localhost].[/]       : Initializing Spring embedded WebApplicationContext
10:22:12:569  INFO 6528 --- [main] w.s.c.ServletWebServerApplicationContext : Root WebApplicationContext: initialization completed in 1101 ms
10:22:12:781  INFO 6528 --- [main] o.s.c.openfeign.FeignClientFactoryBean   : For 'item-service' URL not provided. Will try picking an instance via load-balancing.
10:22:13:302  INFO 6528 --- [main] c.a.c.sentinel.SentinelWebMvcConfigurer  : [Sentinel Starter] register SentinelWebInterceptor with urlPatterns: [/**].
10:22:13:671  INFO 6528 --- [main] pertySourcedRequestMappingHandlerMapping : Mapped URL path [/v2/api-docs] onto method [springfox.documentation.swagger2.web.Swagger2ControllerWebMvc#getDocumentation(String, HttpServletRequest)]
10:22:13:941  INFO 6528 --- [main] com.alibaba.nacos.common.remote.client   : [RpcClientFactory] create a new rpc client of 66ed9a4a-e598-4310-b423-a0dcf2d90fcb
10:22:13:942  INFO 6528 --- [main] com.alibaba.nacos.common.remote.client   : [66ed9a4a-e598-4310-b423-a0dcf2d90fcb] RpcClient init label, labels = {module=naming, source=sdk}
10:22:13:943  INFO 6528 --- [main] com.alibaba.nacos.common.remote.client   : [66ed9a4a-e598-4310-b423-a0dcf2d90fcb] RpcClient init, ServerListFactory = com.alibaba.nacos.client.naming.core.ServerListManager
10:22:13:943  INFO 6528 --- [main] com.alibaba.nacos.common.remote.client   : [66ed9a4a-e598-4310-b423-a0dcf2d90fcb] Registry connection listener to current client:com.alibaba.nacos.client.naming.remote.gprc.redo.NamingGrpcRedoService
10:22:13:943  INFO 6528 --- [main] com.alibaba.nacos.common.remote.client   : [66ed9a4a-e598-4310-b423-a0dcf2d90fcb] Register server push request handler:com.alibaba.nacos.client.naming.remote.gprc.NamingPushRequestHandler
10:22:13:944  INFO 6528 --- [main] com.alibaba.nacos.common.remote.client   : [66ed9a4a-e598-4310-b423-a0dcf2d90fcb] Try to connect to server on start up, server: {serverIp = '111.231.132.128', server main port = 8848}
10:22:14:112  INFO 6528 --- [main] com.alibaba.nacos.common.remote.client   : [66ed9a4a-e598-4310-b423-a0dcf2d90fcb] Success to connect to server [111.231.132.128:8848] on start up, connectionId = 1752978133901_180.164.143.222_64590
10:22:14:112  INFO 6528 --- [main] com.alibaba.nacos.common.remote.client   : [66ed9a4a-e598-4310-b423-a0dcf2d90fcb] Register server push request handler:com.alibaba.nacos.common.remote.client.RpcClient$ConnectResetRequestHandler
10:22:14:112  INFO 6528 --- [main] com.alibaba.nacos.common.remote.client   : [66ed9a4a-e598-4310-b423-a0dcf2d90fcb] Register server push request handler:com.alibaba.nacos.common.remote.client.RpcClient$$Lambda$484/0x000002369a4eb250
10:22:14:112  INFO 6528 --- [com.alibaba.nacos.client.remote.worker] com.alibaba.nacos.common.remote.client   : [66ed9a4a-e598-4310-b423-a0dcf2d90fcb] Notify connected event to listeners.
10:22:14:155  INFO 6528 --- [main] o.s.b.w.embedded.tomcat.TomcatWebServer  : Tomcat started on port(s): 8082 (http) with context path ''
10:22:14:169  INFO 6528 --- [main] c.a.c.n.registry.NacosServiceRegistry    : nacos registry, DEFAULT_GROUP cart-service 192.168.2.4:8082 register finished
10:22:14:297  INFO 6528 --- [main] d.s.w.p.DocumentationPluginsBootstrapper : Documentation plugins bootstrapped
10:22:14:299  INFO 6528 --- [main] d.s.w.p.DocumentationPluginsBootstrapper : Found 1 custom documentation plugin(s)
10:22:14:314  INFO 6528 --- [main] s.d.s.w.s.ApiListingReferenceScanner     : Scanning for api listing references
10:22:14:393  INFO 6528 --- [main] com.hmall.cart.CartApplication           : Started CartApplication in 5.202 seconds (JVM running for 5.787)
10:22:14:401  INFO 6528 --- [main] c.a.c.n.refresh.NacosContextRefresher    : [Nacos Config] Listening config: dataId=cart-service, group=DEFAULT_GROUP
10:22:14:404  INFO 6528 --- [main] c.a.c.n.refresh.NacosContextRefresher    : [Nacos Config] Listening config: dataId=cart-service.yaml, group=DEFAULT_GROUP
10:22:14:404  INFO 6528 --- [main] c.a.c.n.refresh.NacosContextRefresher    : [Nacos Config] Listening config: dataId=cart-service-local.yaml, group=DEFAULT_GROUP
10:22:14:715  INFO 6528 --- [nacos-grpc-client-executor-6] com.alibaba.nacos.common.remote.client   : [66ed9a4a-e598-4310-b423-a0dcf2d90fcb] Receive server push request, request = NotifySubscriberRequest, requestId = 204
10:22:14:725  INFO 6528 --- [nacos-grpc-client-executor-6] com.alibaba.nacos.common.remote.client   : [66ed9a4a-e598-4310-b423-a0dcf2d90fcb] Ack server push request, request = NotifySubscriberRequest, requestId = 204
10:22:20:445  INFO 6528 --- [http-nio-8082-exec-1] o.apache.tomcat.util.http.parser.Cookie  : A cookie header was received [Hm_lvt_a1ff8825baa73c3a78eb96aa40325abc=1733717939,1733739366;] that contained an invalid cookie. That cookie will be ignored.
 Note: further occurrences of this error will be logged at DEBUG level.
10:22:20:451  INFO 6528 --- [http-nio-8082-exec-1] o.a.c.c.C.[Tomcat].[localhost].[/]       : Initializing Spring DispatcherServlet 'dispatcherServlet'
10:22:20:452  INFO 6528 --- [http-nio-8082-exec-1] o.s.web.servlet.DispatcherServlet        : Initializing Servlet 'dispatcherServlet'
10:22:20:453  INFO 6528 --- [http-nio-8082-exec-1] o.s.web.servlet.DispatcherServlet        : Completed initialization in 1 ms
10:22:20:632  INFO 6528 --- [http-nio-8082-exec-1] com.zaxxer.hikari.HikariDataSource       : HikariPool-1 - Starting...
10:22:20:916  INFO 6528 --- [http-nio-8082-exec-1] com.zaxxer.hikari.HikariDataSource       : HikariPool-1 - Start completed.
10:22:20:926 DEBUG 6528 --- [http-nio-8082-exec-1] c.h.cart.mapper.CartMapper.selectList    : ==>  Preparing: SELECT id,user_id,item_id,num,name,spec,price,image,create_time,update_time FROM cart WHERE (user_id = ?)
10:22:20:944 DEBUG 6528 --- [http-nio-8082-exec-1] c.h.cart.mapper.CartMapper.selectList    : ==> Parameters: 1(Long)
10:22:20:971 DEBUG 6528 --- [http-nio-8082-exec-1] c.h.cart.mapper.CartMapper.selectList    : <==      Total: 2
10:22:21:006 DEBUG 6528 --- [http-nio-8082-exec-1] com.hmall.api.client.ItemClient          : [ItemClient#queryItemByIds] ---> GET http://item-service/items?ids=2120808&ids=14741770661 HTTP/1.1
10:22:21:006 DEBUG 6528 --- [http-nio-8082-exec-1] com.hmall.api.client.ItemClient          : [ItemClient#queryItemByIds] user-info: 1
10:22:21:006 DEBUG 6528 --- [http-nio-8082-exec-1] com.hmall.api.client.ItemClient          : [ItemClient#queryItemByIds] ---> END HTTP (0-byte body)
10:22:21:125 DEBUG 6528 --- [http-nio-8082-exec-2] c.h.cart.mapper.CartMapper.selectList    : ==>  Preparing: SELECT id,user_id,item_id,num,name,spec,price,image,create_time,update_time FROM cart WHERE (user_id = ?)
10:22:21:125 DEBUG 6528 --- [http-nio-8082-exec-2] c.h.cart.mapper.CartMapper.selectList    : ==> Parameters: 1(Long)
10:22:21:134 DEBUG 6528 --- [http-nio-8082-exec-2] c.h.cart.mapper.CartMapper.selectList    : <==      Total: 2
10:22:21:135 DEBUG 6528 --- [http-nio-8082-exec-2] com.hmall.api.client.ItemClient          : [ItemClient#queryItemByIds] ---> GET http://item-service/items?ids=2120808&ids=14741770661 HTTP/1.1
10:22:21:135 DEBUG 6528 --- [http-nio-8082-exec-2] com.hmall.api.client.ItemClient          : [ItemClient#queryItemByIds] user-info: 1
10:22:21:135 DEBUG 6528 --- [http-nio-8082-exec-2] com.hmall.api.client.ItemClient          : [ItemClient#queryItemByIds] ---> END HTTP (0-byte body)
10:22:21:606  INFO 6528 --- [nacos-grpc-client-executor-9] com.alibaba.nacos.common.remote.client   : [66ed9a4a-e598-4310-b423-a0dcf2d90fcb] Receive server push request, request = NotifySubscriberRequest, requestId = 206
10:22:21:606  INFO 6528 --- [nacos-grpc-client-executor-9] com.alibaba.nacos.common.remote.client   : [66ed9a4a-e598-4310-b423-a0dcf2d90fcb] Ack server push request, request = NotifySubscriberRequest, requestId = 206
10:22:21:942 DEBUG 6528 --- [http-nio-8082-exec-3] c.h.cart.mapper.CartMapper.selectList    : ==>  Preparing: SELECT id,user_id,item_id,num,name,spec,price,image,create_time,update_time FROM cart WHERE (user_id = ?)
10:22:21:942 DEBUG 6528 --- [http-nio-8082-exec-3] c.h.cart.mapper.CartMapper.selectList    : ==> Parameters: 1(Long)
10:22:21:953 DEBUG 6528 --- [http-nio-8082-exec-3] c.h.cart.mapper.CartMapper.selectList    : <==      Total: 2
10:22:21:953 DEBUG 6528 --- [http-nio-8082-exec-3] com.hmall.api.client.ItemClient          : [ItemClient#queryItemByIds] ---> GET http://item-service/items?ids=2120808&ids=14741770661 HTTP/1.1
10:22:21:953 DEBUG 6528 --- [http-nio-8082-exec-3] com.hmall.api.client.ItemClient          : [ItemClient#queryItemByIds] user-info: 1
10:22:21:954 DEBUG 6528 --- [http-nio-8082-exec-3] com.hmall.api.client.ItemClient          : [ItemClient#queryItemByIds] ---> END HTTP (0-byte body)
10:22:22:856 DEBUG 6528 --- [http-nio-8082-exec-4] c.h.cart.mapper.CartMapper.selectList    : ==>  Preparing: SELECT id,user_id,item_id,num,name,spec,price,image,create_time,update_time FROM cart WHERE (user_id = ?)
10:22:22:856 DEBUG 6528 --- [http-nio-8082-exec-4] c.h.cart.mapper.CartMapper.selectList    : ==> Parameters: 1(Long)
10:22:22:867 DEBUG 6528 --- [http-nio-8082-exec-4] c.h.cart.mapper.CartMapper.selectList    : <==      Total: 2
10:22:22:868 DEBUG 6528 --- [http-nio-8082-exec-4] com.hmall.api.client.ItemClient          : [ItemClient#queryItemByIds] ---> GET http://item-service/items?ids=2120808&ids=14741770661 HTTP/1.1
10:22:22:868 DEBUG 6528 --- [http-nio-8082-exec-4] com.hmall.api.client.ItemClient          : [ItemClient#queryItemByIds] user-info: 1
10:22:22:868 DEBUG 6528 --- [http-nio-8082-exec-4] com.hmall.api.client.ItemClient          : [ItemClient#queryItemByIds] ---> END HTTP (0-byte body)
10:22:31:642  WARN 6528 --- [Thread-5] c.a.nacos.common.notify.NotifyCenter     : [NotifyCenter] Start destroying Publisher
10:22:31:642  WARN 6528 --- [Thread-1] c.a.n.common.http.HttpClientBeanHolder   : [HttpClientBeanHolder] Start destroying common HttpClient
10:22:31:643  WARN 6528 --- [Thread-5] c.a.nacos.common.notify.NotifyCenter     : [NotifyCenter] Destruction of the end
10:22:31:643  WARN 6528 --- [Thread-1] c.a.n.common.http.HttpClientBeanHolder   : [HttpClientBeanHolder] Destruction of the end
10:22:52:521  INFO 23076 --- [main] com.hmall.cart.CartApplication           : The following 1 profile is active: "local"
10:22:53:521  INFO 23076 --- [main] o.s.cloud.context.scope.GenericScope     : BeanFactory id=2e91d9f8-ac06-3bf4-b335-b11da38607ff
10:22:54:187  INFO 23076 --- [main] o.s.b.w.embedded.tomcat.TomcatWebServer  : Tomcat initialized with port(s): 8082 (http)
10:22:54:198  INFO 23076 --- [main] o.apache.catalina.core.StandardService   : Starting service [Tomcat]
10:22:54:199  INFO 23076 --- [main] org.apache.catalina.core.StandardEngine  : Starting Servlet engine: [Apache Tomcat/9.0.75]
10:22:54:331  INFO 23076 --- [main] o.a.c.c.C.[Tomcat].[localhost].[/]       : Initializing Spring embedded WebApplicationContext
10:22:54:331  INFO 23076 --- [main] w.s.c.ServletWebServerApplicationContext : Root WebApplicationContext: initialization completed in 1792 ms
10:22:54:663  INFO 23076 --- [main] o.s.c.openfeign.FeignClientFactoryBean   : For 'item-service' URL not provided. Will try picking an instance via load-balancing.
10:22:55:498  INFO 23076 --- [main] c.a.c.sentinel.SentinelWebMvcConfigurer  : [Sentinel Starter] register SentinelWebInterceptor with urlPatterns: [/**].
10:22:56:101  INFO 23076 --- [main] pertySourcedRequestMappingHandlerMapping : Mapped URL path [/v2/api-docs] onto method [springfox.documentation.swagger2.web.Swagger2ControllerWebMvc#getDocumentation(String, HttpServletRequest)]
10:22:56:566  INFO 23076 --- [main] com.alibaba.nacos.common.remote.client   : [RpcClientFactory] create a new rpc client of f40d786d-5d92-45d9-b77b-00d2cb053ba4
10:22:56:566  INFO 23076 --- [main] com.alibaba.nacos.common.remote.client   : [f40d786d-5d92-45d9-b77b-00d2cb053ba4] RpcClient init label, labels = {module=naming, source=sdk}
10:22:56:568  INFO 23076 --- [main] com.alibaba.nacos.common.remote.client   : [f40d786d-5d92-45d9-b77b-00d2cb053ba4] RpcClient init, ServerListFactory = com.alibaba.nacos.client.naming.core.ServerListManager
10:22:56:568  INFO 23076 --- [main] com.alibaba.nacos.common.remote.client   : [f40d786d-5d92-45d9-b77b-00d2cb053ba4] Registry connection listener to current client:com.alibaba.nacos.client.naming.remote.gprc.redo.NamingGrpcRedoService
10:22:56:569  INFO 23076 --- [main] com.alibaba.nacos.common.remote.client   : [f40d786d-5d92-45d9-b77b-00d2cb053ba4] Register server push request handler:com.alibaba.nacos.client.naming.remote.gprc.NamingPushRequestHandler
10:22:56:570  INFO 23076 --- [main] com.alibaba.nacos.common.remote.client   : [f40d786d-5d92-45d9-b77b-00d2cb053ba4] Try to connect to server on start up, server: {serverIp = '111.231.132.128', server main port = 8848}
10:22:56:712  INFO 23076 --- [main] com.alibaba.nacos.common.remote.client   : [f40d786d-5d92-45d9-b77b-00d2cb053ba4] Success to connect to server [111.231.132.128:8848] on start up, connectionId = 1752978176513_180.164.143.222_61504
10:22:56:712  INFO 23076 --- [main] com.alibaba.nacos.common.remote.client   : [f40d786d-5d92-45d9-b77b-00d2cb053ba4] Register server push request handler:com.alibaba.nacos.common.remote.client.RpcClient$ConnectResetRequestHandler
10:22:56:712  INFO 23076 --- [com.alibaba.nacos.client.remote.worker] com.alibaba.nacos.common.remote.client   : [f40d786d-5d92-45d9-b77b-00d2cb053ba4] Notify connected event to listeners.
10:22:56:712  INFO 23076 --- [main] com.alibaba.nacos.common.remote.client   : [f40d786d-5d92-45d9-b77b-00d2cb053ba4] Register server push request handler:com.alibaba.nacos.common.remote.client.RpcClient$$Lambda$484/0x000001bf604e8440
10:22:56:772  INFO 23076 --- [main] o.s.b.w.embedded.tomcat.TomcatWebServer  : Tomcat started on port(s): 8082 (http) with context path ''
10:22:56:788  INFO 23076 --- [main] c.a.c.n.registry.NacosServiceRegistry    : nacos registry, DEFAULT_GROUP cart-service 192.168.2.4:8082 register finished
10:22:56:984  INFO 23076 --- [main] d.s.w.p.DocumentationPluginsBootstrapper : Documentation plugins bootstrapped
10:22:56:987  INFO 23076 --- [main] d.s.w.p.DocumentationPluginsBootstrapper : Found 1 custom documentation plugin(s)
10:22:57:021  INFO 23076 --- [main] s.d.s.w.s.ApiListingReferenceScanner     : Scanning for api listing references
10:22:57:149  INFO 23076 --- [main] com.hmall.cart.CartApplication           : Started CartApplication in 7.264 seconds (JVM running for 7.849)
10:22:57:180  INFO 23076 --- [main] c.a.c.n.refresh.NacosContextRefresher    : [Nacos Config] Listening config: dataId=cart-service, group=DEFAULT_GROUP
10:22:57:195  INFO 23076 --- [main] c.a.c.n.refresh.NacosContextRefresher    : [Nacos Config] Listening config: dataId=cart-service.yaml, group=DEFAULT_GROUP
10:22:57:196  INFO 23076 --- [main] c.a.c.n.refresh.NacosContextRefresher    : [Nacos Config] Listening config: dataId=cart-service-local.yaml, group=DEFAULT_GROUP
10:22:57:245  INFO 23076 --- [nacos-grpc-client-executor-5] com.alibaba.nacos.common.remote.client   : [f40d786d-5d92-45d9-b77b-00d2cb053ba4] Receive server push request, request = NotifySubscriberRequest, requestId = 210
10:22:57:256  INFO 23076 --- [nacos-grpc-client-executor-5] com.alibaba.nacos.common.remote.client   : [f40d786d-5d92-45d9-b77b-00d2cb053ba4] Ack server push request, request = NotifySubscriberRequest, requestId = 210
10:23:21:622  INFO 23076 --- [http-nio-8082-exec-1] o.apache.tomcat.util.http.parser.Cookie  : A cookie header was received [Hm_lvt_a1ff8825baa73c3a78eb96aa40325abc=1733717939,1733739366;] that contained an invalid cookie. That cookie will be ignored.
 Note: further occurrences of this error will be logged at DEBUG level.
10:23:21:629  INFO 23076 --- [http-nio-8082-exec-1] o.a.c.c.C.[Tomcat].[localhost].[/]       : Initializing Spring DispatcherServlet 'dispatcherServlet'
10:23:21:629  INFO 23076 --- [http-nio-8082-exec-1] o.s.web.servlet.DispatcherServlet        : Initializing Servlet 'dispatcherServlet'
10:23:21:630  INFO 23076 --- [http-nio-8082-exec-1] o.s.web.servlet.DispatcherServlet        : Completed initialization in 1 ms
10:23:21:786  INFO 23076 --- [http-nio-8082-exec-1] com.zaxxer.hikari.HikariDataSource       : HikariPool-1 - Starting...
10:23:22:030  INFO 23076 --- [http-nio-8082-exec-1] com.zaxxer.hikari.HikariDataSource       : HikariPool-1 - Start completed.
10:23:22:035 DEBUG 23076 --- [http-nio-8082-exec-1] c.h.cart.mapper.CartMapper.selectList    : ==>  Preparing: SELECT id,user_id,item_id,num,name,spec,price,image,create_time,update_time FROM cart WHERE (user_id = ?)
10:23:22:067 DEBUG 23076 --- [http-nio-8082-exec-1] c.h.cart.mapper.CartMapper.selectList    : ==> Parameters: 1(Long)
10:23:22:097 DEBUG 23076 --- [http-nio-8082-exec-1] c.h.cart.mapper.CartMapper.selectList    : <==      Total: 2
10:23:22:101 DEBUG 23076 --- [http-nio-8082-exec-2] c.h.cart.mapper.CartMapper.selectList    : ==>  Preparing: SELECT id,user_id,item_id,num,name,spec,price,image,create_time,update_time FROM cart WHERE (user_id = ?)
10:23:22:101 DEBUG 23076 --- [http-nio-8082-exec-2] c.h.cart.mapper.CartMapper.selectList    : ==> Parameters: 1(Long)
10:23:22:109 DEBUG 23076 --- [http-nio-8082-exec-2] c.h.cart.mapper.CartMapper.selectList    : <==      Total: 2
10:23:22:134 DEBUG 23076 --- [http-nio-8082-exec-2] com.hmall.api.client.ItemClient          : [ItemClient#queryItemByIds] ---> GET http://item-service/items?ids=2120808&ids=14741770661 HTTP/1.1
10:23:22:134 DEBUG 23076 --- [http-nio-8082-exec-1] com.hmall.api.client.ItemClient          : [ItemClient#queryItemByIds] ---> GET http://item-service/items?ids=2120808&ids=14741770661 HTTP/1.1
10:23:22:134 DEBUG 23076 --- [http-nio-8082-exec-2] com.hmall.api.client.ItemClient          : [ItemClient#queryItemByIds] user-info: 1
10:23:22:134 DEBUG 23076 --- [http-nio-8082-exec-1] com.hmall.api.client.ItemClient          : [ItemClient#queryItemByIds] user-info: 1
10:23:22:134 DEBUG 23076 --- [http-nio-8082-exec-2] com.hmall.api.client.ItemClient          : [ItemClient#queryItemByIds] ---> END HTTP (0-byte body)
10:23:22:134 DEBUG 23076 --- [http-nio-8082-exec-1] com.hmall.api.client.ItemClient          : [ItemClient#queryItemByIds] ---> END HTTP (0-byte body)
10:23:22:731 DEBUG 23076 --- [http-nio-8082-exec-1] com.hmall.api.client.ItemClient          : [ItemClient#queryItemByIds] <--- HTTP/1.1 200  (596ms)
10:23:22:731 DEBUG 23076 --- [http-nio-8082-exec-2] com.hmall.api.client.ItemClient          : [ItemClient#queryItemByIds] <--- HTTP/1.1 200  (596ms)
10:23:22:732 DEBUG 23076 --- [http-nio-8082-exec-1] com.hmall.api.client.ItemClient          : [ItemClient#queryItemByIds] connection: keep-alive
10:23:22:732 DEBUG 23076 --- [http-nio-8082-exec-2] com.hmall.api.client.ItemClient          : [ItemClient#queryItemByIds] connection: keep-alive
10:23:22:732 DEBUG 23076 --- [http-nio-8082-exec-1] com.hmall.api.client.ItemClient          : [ItemClient#queryItemByIds] content-type: application/json
10:23:22:732 DEBUG 23076 --- [http-nio-8082-exec-2] com.hmall.api.client.ItemClient          : [ItemClient#queryItemByIds] content-type: application/json
10:23:22:732 DEBUG 23076 --- [http-nio-8082-exec-1] com.hmall.api.client.ItemClient          : [ItemClient#queryItemByIds] date: Sun, 20 Jul 2025 02:23:22 GMT
10:23:22:732 DEBUG 23076 --- [http-nio-8082-exec-2] com.hmall.api.client.ItemClient          : [ItemClient#queryItemByIds] date: Sun, 20 Jul 2025 02:23:22 GMT
10:23:22:732 DEBUG 23076 --- [http-nio-8082-exec-1] com.hmall.api.client.ItemClient          : [ItemClient#queryItemByIds] keep-alive: timeout=60
10:23:22:732 DEBUG 23076 --- [http-nio-8082-exec-2] com.hmall.api.client.ItemClient          : [ItemClient#queryItemByIds] keep-alive: timeout=60
10:23:22:732 DEBUG 23076 --- [http-nio-8082-exec-1] com.hmall.api.client.ItemClient          : [ItemClient#queryItemByIds] transfer-encoding: chunked
10:23:22:732 DEBUG 23076 --- [http-nio-8082-exec-2] com.hmall.api.client.ItemClient          : [ItemClient#queryItemByIds] transfer-encoding: chunked
10:23:22:732 DEBUG 23076 --- [http-nio-8082-exec-1] com.hmall.api.client.ItemClient          : [ItemClient#queryItemByIds] 
10:23:22:732 DEBUG 23076 --- [http-nio-8082-exec-2] com.hmall.api.client.ItemClient          : [ItemClient#queryItemByIds] 
10:23:22:732 DEBUG 23076 --- [http-nio-8082-exec-1] com.hmall.api.client.ItemClient          : [ItemClient#queryItemByIds] [{"id":"2120808","name":"姬龙雪 guy laroche女包 GL经典手提包女牛皮大容量单肩包女欧美时尚包包女包GS1210001-06杏色","price":71800,"stock":-26,"image":"https://m.360buyimg.com/mobilecms/s720x720_jfs/t30694/267/398774087/90954/6fc143cf/5bf25358N14dadbf7.jpg!q70.jpg.webp","category":"真皮包","brand":"姬龙雪","spec":"{}","sold":0,"commentCount":0,"isAD":false,"status":1},{"id":"14741770661","name":"康佳（KONKA） LED49UC3 49英寸超薄曲面36核4K HDR人工智能电视","price":144600,"stock":10000,"image":"https://m.360buyimg.com/mobilecms/s720x720_jfs/t16477/84/2032772431/400946/2887be91/5a912776N7e343ec3.jpg!q70.jpg.webp","category":"曲面电视","brand":"康佳","spec":"{}","sold":0,"commentCount":0,"isAD":false,"status":1}]
10:23:22:732 DEBUG 23076 --- [http-nio-8082-exec-2] com.hmall.api.client.ItemClient          : [ItemClient#queryItemByIds] [{"id":"2120808","name":"姬龙雪 guy laroche女包 GL经典手提包女牛皮大容量单肩包女欧美时尚包包女包GS1210001-06杏色","price":71800,"stock":-26,"image":"https://m.360buyimg.com/mobilecms/s720x720_jfs/t30694/267/398774087/90954/6fc143cf/5bf25358N14dadbf7.jpg!q70.jpg.webp","category":"真皮包","brand":"姬龙雪","spec":"{}","sold":0,"commentCount":0,"isAD":false,"status":1},{"id":"14741770661","name":"康佳（KONKA） LED49UC3 49英寸超薄曲面36核4K HDR人工智能电视","price":144600,"stock":10000,"image":"https://m.360buyimg.com/mobilecms/s720x720_jfs/t16477/84/2032772431/400946/2887be91/5a912776N7e343ec3.jpg!q70.jpg.webp","category":"曲面电视","brand":"康佳","spec":"{}","sold":0,"commentCount":0,"isAD":false,"status":1}]
10:23:22:733 DEBUG 23076 --- [http-nio-8082-exec-1] com.hmall.api.client.ItemClient          : [ItemClient#queryItemByIds] <--- END HTTP (774-byte body)
10:23:22:733 DEBUG 23076 --- [http-nio-8082-exec-2] com.hmall.api.client.ItemClient          : [ItemClient#queryItemByIds] <--- END HTTP (774-byte body)
10:23:22:747  INFO 23076 --- [nacos-grpc-client-executor-16] com.alibaba.nacos.common.remote.client   : [f40d786d-5d92-45d9-b77b-00d2cb053ba4] Receive server push request, request = NotifySubscriberRequest, requestId = 216
10:23:22:749  INFO 23076 --- [nacos-grpc-client-executor-16] com.alibaba.nacos.common.remote.client   : [f40d786d-5d92-45d9-b77b-00d2cb053ba4] Ack server push request, request = NotifySubscriberRequest, requestId = 216
10:23:22:959 DEBUG 23076 --- [http-nio-8082-exec-3] c.h.cart.mapper.CartMapper.selectList    : ==>  Preparing: SELECT id,user_id,item_id,num,name,spec,price,image,create_time,update_time FROM cart WHERE (user_id = ?)
10:23:22:960 DEBUG 23076 --- [http-nio-8082-exec-3] c.h.cart.mapper.CartMapper.selectList    : ==> Parameters: 1(Long)
10:23:22:968 DEBUG 23076 --- [http-nio-8082-exec-3] c.h.cart.mapper.CartMapper.selectList    : <==      Total: 2
10:23:22:969 DEBUG 23076 --- [http-nio-8082-exec-3] com.hmall.api.client.ItemClient          : [ItemClient#queryItemByIds] ---> GET http://item-service/items?ids=2120808&ids=14741770661 HTTP/1.1
10:23:22:969 DEBUG 23076 --- [http-nio-8082-exec-3] com.hmall.api.client.ItemClient          : [ItemClient#queryItemByIds] user-info: 1
10:23:22:969 DEBUG 23076 --- [http-nio-8082-exec-3] com.hmall.api.client.ItemClient          : [ItemClient#queryItemByIds] ---> END HTTP (0-byte body)
10:23:22:984 DEBUG 23076 --- [http-nio-8082-exec-3] com.hmall.api.client.ItemClient          : [ItemClient#queryItemByIds] <--- HTTP/1.1 200  (14ms)
10:23:22:984 DEBUG 23076 --- [http-nio-8082-exec-3] com.hmall.api.client.ItemClient          : [ItemClient#queryItemByIds] connection: keep-alive
10:23:22:984 DEBUG 23076 --- [http-nio-8082-exec-3] com.hmall.api.client.ItemClient          : [ItemClient#queryItemByIds] content-type: application/json
10:23:22:984 DEBUG 23076 --- [http-nio-8082-exec-3] com.hmall.api.client.ItemClient          : [ItemClient#queryItemByIds] date: Sun, 20 Jul 2025 02:23:22 GMT
10:23:22:985 DEBUG 23076 --- [http-nio-8082-exec-3] com.hmall.api.client.ItemClient          : [ItemClient#queryItemByIds] keep-alive: timeout=60
10:23:22:985 DEBUG 23076 --- [http-nio-8082-exec-3] com.hmall.api.client.ItemClient          : [ItemClient#queryItemByIds] transfer-encoding: chunked
10:23:22:985 DEBUG 23076 --- [http-nio-8082-exec-3] com.hmall.api.client.ItemClient          : [ItemClient#queryItemByIds] 
10:23:22:985 DEBUG 23076 --- [http-nio-8082-exec-3] com.hmall.api.client.ItemClient          : [ItemClient#queryItemByIds] [{"id":"2120808","name":"姬龙雪 guy laroche女包 GL经典手提包女牛皮大容量单肩包女欧美时尚包包女包GS1210001-06杏色","price":71800,"stock":-26,"image":"https://m.360buyimg.com/mobilecms/s720x720_jfs/t30694/267/398774087/90954/6fc143cf/5bf25358N14dadbf7.jpg!q70.jpg.webp","category":"真皮包","brand":"姬龙雪","spec":"{}","sold":0,"commentCount":0,"isAD":false,"status":1},{"id":"14741770661","name":"康佳（KONKA） LED49UC3 49英寸超薄曲面36核4K HDR人工智能电视","price":144600,"stock":10000,"image":"https://m.360buyimg.com/mobilecms/s720x720_jfs/t16477/84/2032772431/400946/2887be91/5a912776N7e343ec3.jpg!q70.jpg.webp","category":"曲面电视","brand":"康佳","spec":"{}","sold":0,"commentCount":0,"isAD":false,"status":1}]
10:23:22:985 DEBUG 23076 --- [http-nio-8082-exec-3] com.hmall.api.client.ItemClient          : [ItemClient#queryItemByIds] <--- END HTTP (774-byte body)
