09:38:40:762  INFO 69160 --- [main] com.hmall.trade.TradeApplication         : Starting TradeApplication using Java 17.0.14 on DESKTOP-TQ1K9GE with PID 69160 (C:\project\hmsc\hmall\trade-service\target\classes started by A in C:\project\hmsc\hmall)
09:38:40:768 DEBUG 69160 --- [main] com.hmall.trade.TradeApplication         : Running with Spring Boot v2.7.12, Spring v5.3.27
09:38:40:769  INFO 69160 --- [main] com.hmall.trade.TradeApplication         : The following 1 profile is active: "local"
09:38:41:899  INFO 69160 --- [main] o.s.cloud.context.scope.GenericScope     : BeanFactory id=c037250f-5b22-3df1-b42c-b53147160afb
09:38:42:287  INFO 69160 --- [main] o.s.b.w.embedded.tomcat.TomcatWebServer  : Tomcat initialized with port(s): 8085 (http)
09:38:42:295  INFO 69160 --- [main] o.apache.catalina.core.StandardService   : Starting service [Tomcat]
09:38:42:295  INFO 69160 --- [main] org.apache.catalina.core.StandardEngine  : Starting Servlet engine: [Apache Tomcat/9.0.75]
09:38:42:473  INFO 69160 --- [main] o.a.c.c.C.[Tomcat].[localhost].[/]       : Initializing Spring embedded WebApplicationContext
09:38:42:474  INFO 69160 --- [main] w.s.c.ServletWebServerApplicationContext : Root WebApplicationContext: initialization completed in 1653 ms
09:38:42:682  INFO 69160 --- [main] o.s.c.openfeign.FeignClientFactoryBean   : For 'item-service' URL not provided. Will try picking an instance via load-balancing.
09:38:43:004  INFO 69160 --- [main] o.s.c.openfeign.FeignClientFactoryBean   : For 'cart-service' URL not provided. Will try picking an instance via load-balancing.
09:38:43:519  INFO 69160 --- [main] pertySourcedRequestMappingHandlerMapping : Mapped URL path [/v2/api-docs] onto method [springfox.documentation.swagger2.web.Swagger2ControllerWebMvc#getDocumentation(String, HttpServletRequest)]
09:38:43:898  INFO 69160 --- [main] com.alibaba.nacos.common.remote.client   : [RpcClientFactory] create a new rpc client of bac70a42-318c-4285-bf1f-41136accb9d5
09:38:43:947  INFO 69160 --- [main] org.reflections.Reflections              : Reflections took 22 ms to scan 1 urls, producing 3 keys and 6 values 
09:38:43:968  INFO 69160 --- [main] org.reflections.Reflections              : Reflections took 10 ms to scan 1 urls, producing 4 keys and 9 values 
09:38:43:975  INFO 69160 --- [main] org.reflections.Reflections              : Reflections took 4 ms to scan 1 urls, producing 3 keys and 10 values 
09:38:43:977  WARN 69160 --- [main] org.reflections.Reflections              : given scan urls are empty. set urls in the configuration
09:38:43:982  INFO 69160 --- [main] org.reflections.Reflections              : Reflections took 5 ms to scan 1 urls, producing 1 keys and 5 values 
09:38:43:989  INFO 69160 --- [main] org.reflections.Reflections              : Reflections took 5 ms to scan 1 urls, producing 1 keys and 7 values 
09:38:43:996  INFO 69160 --- [main] org.reflections.Reflections              : Reflections took 6 ms to scan 1 urls, producing 2 keys and 8 values 
09:38:43:997  WARN 69160 --- [main] org.reflections.Reflections              : given scan urls are empty. set urls in the configuration
09:38:43:997  INFO 69160 --- [main] com.alibaba.nacos.common.remote.client   : [bac70a42-318c-4285-bf1f-41136accb9d5] RpcClient init label, labels = {module=naming, source=sdk}
09:38:43:998  INFO 69160 --- [main] com.alibaba.nacos.common.remote.client   : [bac70a42-318c-4285-bf1f-41136accb9d5] RpcClient init, ServerListFactory = com.alibaba.nacos.client.naming.core.ServerListManager
09:38:43:999  INFO 69160 --- [main] com.alibaba.nacos.common.remote.client   : [bac70a42-318c-4285-bf1f-41136accb9d5] Registry connection listener to current client:com.alibaba.nacos.client.naming.remote.gprc.redo.NamingGrpcRedoService
09:38:43:999  INFO 69160 --- [main] com.alibaba.nacos.common.remote.client   : [bac70a42-318c-4285-bf1f-41136accb9d5] Register server push request handler:com.alibaba.nacos.client.naming.remote.gprc.NamingPushRequestHandler
09:38:44:001  INFO 69160 --- [main] com.alibaba.nacos.common.remote.client   : [bac70a42-318c-4285-bf1f-41136accb9d5] Try to connect to server on start up, server: {serverIp = '111.231.132.128', server main port = 8848}
09:38:44:791  INFO 69160 --- [main] com.alibaba.nacos.common.remote.client   : [bac70a42-318c-4285-bf1f-41136accb9d5] Success to connect to server [111.231.132.128:8848] on start up, connectionId = 1752975523818_180.164.143.222_65403
09:38:44:791  INFO 69160 --- [com.alibaba.nacos.client.remote.worker] com.alibaba.nacos.common.remote.client   : [bac70a42-318c-4285-bf1f-41136accb9d5] Notify connected event to listeners.
09:38:44:792  INFO 69160 --- [main] com.alibaba.nacos.common.remote.client   : [bac70a42-318c-4285-bf1f-41136accb9d5] Register server push request handler:com.alibaba.nacos.common.remote.client.RpcClient$ConnectResetRequestHandler
09:38:44:792  INFO 69160 --- [main] com.alibaba.nacos.common.remote.client   : [bac70a42-318c-4285-bf1f-41136accb9d5] Register server push request handler:com.alibaba.nacos.common.remote.client.RpcClient$$Lambda$987/0x00000245b379d8e0
09:38:44:845  INFO 69160 --- [main] o.s.b.w.embedded.tomcat.TomcatWebServer  : Tomcat started on port(s): 8085 (http) with context path ''
09:38:44:862  INFO 69160 --- [main] c.a.c.n.registry.NacosServiceRegistry    : nacos registry, DEFAULT_GROUP trade-service 192.168.2.4:8085 register finished
09:38:44:989  INFO 69160 --- [main] d.s.w.p.DocumentationPluginsBootstrapper : Documentation plugins bootstrapped
09:38:44:992  INFO 69160 --- [main] d.s.w.p.DocumentationPluginsBootstrapper : Found 1 custom documentation plugin(s)
09:38:45:011  INFO 69160 --- [main] s.d.s.w.s.ApiListingReferenceScanner     : Scanning for api listing references
09:38:45:099  INFO 69160 --- [main] com.hmall.trade.TradeApplication         : Started TradeApplication in 5.046 seconds (JVM running for 5.723)
09:38:45:386  INFO 69160 --- [nacos-grpc-client-executor-9] com.alibaba.nacos.common.remote.client   : [bac70a42-318c-4285-bf1f-41136accb9d5] Receive server push request, request = NotifySubscriberRequest, requestId = 195
09:38:45:395  INFO 69160 --- [nacos-grpc-client-executor-9] com.alibaba.nacos.common.remote.client   : [bac70a42-318c-4285-bf1f-41136accb9d5] Ack server push request, request = NotifySubscriberRequest, requestId = 195
10:22:34:495  WARN 69160 --- [Thread-4] c.a.nacos.common.notify.NotifyCenter     : [NotifyCenter] Start destroying Publisher
10:22:34:495  WARN 69160 --- [Thread-7] c.a.n.common.http.HttpClientBeanHolder   : [HttpClientBeanHolder] Start destroying common HttpClient
10:22:34:495  WARN 69160 --- [Thread-4] c.a.nacos.common.notify.NotifyCenter     : [NotifyCenter] Destruction of the end
10:22:34:496  WARN 69160 --- [Thread-7] c.a.n.common.http.HttpClientBeanHolder   : [HttpClientBeanHolder] Destruction of the end
10:22:34:548  INFO 69160 --- [SpringApplicationShutdownHook] c.a.c.n.registry.NacosServiceRegistry    : De-registering from Nacos Server now...
10:22:34:557  INFO 69160 --- [SpringApplicationShutdownHook] c.a.c.n.registry.NacosServiceRegistry    : De-registration finished.
10:22:34:893  INFO 69160 --- [SpringApplicationShutdownHook] com.alibaba.nacos.common.remote.client   : Shutdown rpc client, set status to shutdown
10:22:34:893  INFO 69160 --- [SpringApplicationShutdownHook] com.alibaba.nacos.common.remote.client   : Shutdown client event executor java.util.concurrent.ScheduledThreadPoolExecutor@7b21e1f0[Running, pool size = 2, active threads = 2, queued tasks = 0, completed tasks = 0]
10:22:34:893  INFO 69160 --- [SpringApplicationShutdownHook] com.alibaba.nacos.common.remote.client   : Close current connection 1752975523818_180.164.143.222_65403
10:22:34:898  INFO 69160 --- [SpringApplicationShutdownHook] c.a.n.c.remote.client.grpc.GrpcClient    : Shutdown grpc executor java.util.concurrent.ThreadPoolExecutor@90366e9[Running, pool size = 4, active threads = 0, queued tasks = 0, completed tasks = 533]
10:22:48:197  INFO 88560 --- [main] com.hmall.trade.TradeApplication         : Starting TradeApplication using Java 17.0.14 on DESKTOP-TQ1K9GE with PID 88560 (C:\project\hmsc\hmall\trade-service\target\classes started by A in C:\project\hmsc\hmall)
10:22:48:199 DEBUG 88560 --- [main] com.hmall.trade.TradeApplication         : Running with Spring Boot v2.7.12, Spring v5.3.27
10:22:48:200  INFO 88560 --- [main] com.hmall.trade.TradeApplication         : The following 1 profile is active: "local"
10:22:49:247  INFO 88560 --- [main] o.s.cloud.context.scope.GenericScope     : BeanFactory id=c037250f-5b22-3df1-b42c-b53147160afb
10:22:49:821  INFO 88560 --- [main] o.s.b.w.embedded.tomcat.TomcatWebServer  : Tomcat initialized with port(s): 8085 (http)
10:22:49:832  INFO 88560 --- [main] o.apache.catalina.core.StandardService   : Starting service [Tomcat]
10:22:49:833  INFO 88560 --- [main] org.apache.catalina.core.StandardEngine  : Starting Servlet engine: [Apache Tomcat/9.0.75]
10:22:49:963  INFO 88560 --- [main] o.a.c.c.C.[Tomcat].[localhost].[/]       : Initializing Spring embedded WebApplicationContext
10:22:49:963  INFO 88560 --- [main] w.s.c.ServletWebServerApplicationContext : Root WebApplicationContext: initialization completed in 1711 ms
10:22:50:175  INFO 88560 --- [main] o.s.c.openfeign.FeignClientFactoryBean   : For 'item-service' URL not provided. Will try picking an instance via load-balancing.
10:22:50:619  INFO 88560 --- [main] o.s.c.openfeign.FeignClientFactoryBean   : For 'cart-service' URL not provided. Will try picking an instance via load-balancing.
10:22:51:303  INFO 88560 --- [main] pertySourcedRequestMappingHandlerMapping : Mapped URL path [/v2/api-docs] onto method [springfox.documentation.swagger2.web.Swagger2ControllerWebMvc#getDocumentation(String, HttpServletRequest)]
10:22:51:865  INFO 88560 --- [main] com.alibaba.nacos.common.remote.client   : [RpcClientFactory] create a new rpc client of a2caa453-a327-4b01-ba55-89afde6fb6ed
10:22:51:932  INFO 88560 --- [main] org.reflections.Reflections              : Reflections took 33 ms to scan 1 urls, producing 3 keys and 6 values 
10:22:51:954  INFO 88560 --- [main] org.reflections.Reflections              : Reflections took 8 ms to scan 1 urls, producing 4 keys and 9 values 
10:22:51:962  INFO 88560 --- [main] org.reflections.Reflections              : Reflections took 5 ms to scan 1 urls, producing 3 keys and 10 values 
10:22:51:964  WARN 88560 --- [main] org.reflections.Reflections              : given scan urls are empty. set urls in the configuration
10:22:51:971  INFO 88560 --- [main] org.reflections.Reflections              : Reflections took 5 ms to scan 1 urls, producing 1 keys and 5 values 
10:22:51:978  INFO 88560 --- [main] org.reflections.Reflections              : Reflections took 6 ms to scan 1 urls, producing 1 keys and 7 values 
10:22:51:988  INFO 88560 --- [main] org.reflections.Reflections              : Reflections took 8 ms to scan 1 urls, producing 2 keys and 8 values 
10:22:51:994  WARN 88560 --- [main] org.reflections.Reflections              : given scan urls are empty. set urls in the configuration
10:22:51:995  INFO 88560 --- [main] com.alibaba.nacos.common.remote.client   : [a2caa453-a327-4b01-ba55-89afde6fb6ed] RpcClient init label, labels = {module=naming, source=sdk}
10:22:51:997  INFO 88560 --- [main] com.alibaba.nacos.common.remote.client   : [a2caa453-a327-4b01-ba55-89afde6fb6ed] RpcClient init, ServerListFactory = com.alibaba.nacos.client.naming.core.ServerListManager
10:22:51:997  INFO 88560 --- [main] com.alibaba.nacos.common.remote.client   : [a2caa453-a327-4b01-ba55-89afde6fb6ed] Registry connection listener to current client:com.alibaba.nacos.client.naming.remote.gprc.redo.NamingGrpcRedoService
10:22:51:997  INFO 88560 --- [main] com.alibaba.nacos.common.remote.client   : [a2caa453-a327-4b01-ba55-89afde6fb6ed] Register server push request handler:com.alibaba.nacos.client.naming.remote.gprc.NamingPushRequestHandler
10:22:51:999  INFO 88560 --- [main] com.alibaba.nacos.common.remote.client   : [a2caa453-a327-4b01-ba55-89afde6fb6ed] Try to connect to server on start up, server: {serverIp = '111.231.132.128', server main port = 8848}
10:22:53:145  INFO 88560 --- [main] com.alibaba.nacos.common.remote.client   : [a2caa453-a327-4b01-ba55-89afde6fb6ed] Success to connect to server [111.231.132.128:8848] on start up, connectionId = 1752978172840_180.164.143.222_64638
10:22:53:146  INFO 88560 --- [com.alibaba.nacos.client.remote.worker] com.alibaba.nacos.common.remote.client   : [a2caa453-a327-4b01-ba55-89afde6fb6ed] Notify connected event to listeners.
10:22:53:146  INFO 88560 --- [main] com.alibaba.nacos.common.remote.client   : [a2caa453-a327-4b01-ba55-89afde6fb6ed] Register server push request handler:com.alibaba.nacos.common.remote.client.RpcClient$ConnectResetRequestHandler
10:22:53:146  INFO 88560 --- [main] com.alibaba.nacos.common.remote.client   : [a2caa453-a327-4b01-ba55-89afde6fb6ed] Register server push request handler:com.alibaba.nacos.common.remote.client.RpcClient$$Lambda$987/0x0000023b0b7958e0
10:22:53:219  INFO 88560 --- [main] o.s.b.w.embedded.tomcat.TomcatWebServer  : Tomcat started on port(s): 8085 (http) with context path ''
10:22:53:236  INFO 88560 --- [main] c.a.c.n.registry.NacosServiceRegistry    : nacos registry, DEFAULT_GROUP trade-service 192.168.2.4:8085 register finished
10:22:53:418  INFO 88560 --- [main] d.s.w.p.DocumentationPluginsBootstrapper : Documentation plugins bootstrapped
10:22:53:421  INFO 88560 --- [main] d.s.w.p.DocumentationPluginsBootstrapper : Found 1 custom documentation plugin(s)
10:22:53:442  INFO 88560 --- [main] s.d.s.w.s.ApiListingReferenceScanner     : Scanning for api listing references
10:22:53:550  INFO 88560 --- [main] com.hmall.trade.TradeApplication         : Started TradeApplication in 6.065 seconds (JVM running for 6.668)
10:22:53:741  INFO 88560 --- [nacos-grpc-client-executor-9] com.alibaba.nacos.common.remote.client   : [a2caa453-a327-4b01-ba55-89afde6fb6ed] Receive server push request, request = NotifySubscriberRequest, requestId = 209
10:22:53:756  INFO 88560 --- [nacos-grpc-client-executor-9] com.alibaba.nacos.common.remote.client   : [a2caa453-a327-4b01-ba55-89afde6fb6ed] Ack server push request, request = NotifySubscriberRequest, requestId = 209
