15:53:09:128  INFO 4976 --- [main] com.hmall.item.ItemApplication           : Starting ItemApplication using Java 17.0.14 on DESKTOP-TQ1K9GE with PID 4976 (C:\project\hmsc\hmall\item-service\target\classes started by A in C:\project\hmsc\hmall)
15:53:09:130 DEBUG 4976 --- [main] com.hmall.item.ItemApplication           : Running with Spring Boot v2.7.12, Spring v5.3.27
15:53:09:130  INFO 4976 --- [main] com.hmall.item.ItemApplication           : The following 1 profile is active: "dev"
15:53:10:108  INFO 4976 --- [main] o.s.b.w.embedded.tomcat.TomcatWebServer  : Tomcat initialized with port(s): 8081 (http)
15:53:10:115  INFO 4976 --- [main] o.apache.catalina.core.StandardService   : Starting service [Tomcat]
15:53:10:116  INFO 4976 --- [main] org.apache.catalina.core.StandardEngine  : Starting Servlet engine: [Apache Tomcat/9.0.75]
15:53:10:197  INFO 4976 --- [main] o.a.c.c.C.[Tomcat].[localhost].[/]       : Initializing Spring embedded WebApplicationContext
15:53:10:198  INFO 4976 --- [main] w.s.c.ServletWebServerApplicationContext : Root WebApplicationContext: initialization completed in 1026 ms
15:53:10:783  INFO 4976 --- [main] pertySourcedRequestMappingHandlerMapping : Mapped URL path [/v2/api-docs] onto method [springfox.documentation.swagger2.web.Swagger2ControllerWebMvc#getDocumentation(String, HttpServletRequest)]
15:53:10:852  INFO 4976 --- [main] o.s.b.w.embedded.tomcat.TomcatWebServer  : Tomcat started on port(s): 8081 (http) with context path ''
15:53:10:852  INFO 4976 --- [main] d.s.w.p.DocumentationPluginsBootstrapper : Documentation plugins bootstrapped
15:53:10:853  INFO 4976 --- [main] d.s.w.p.DocumentationPluginsBootstrapper : Found 1 custom documentation plugin(s)
15:53:10:874  INFO 4976 --- [main] s.d.s.w.s.ApiListingReferenceScanner     : Scanning for api listing references
15:53:10:964  INFO 4976 --- [main] com.hmall.item.ItemApplication           : Started ItemApplication in 2.213 seconds (JVM running for 2.838)
15:54:10:394  INFO 25152 --- [main] com.hmall.item.ItemApplication           : Starting ItemApplication using Java 17.0.14 on DESKTOP-TQ1K9GE with PID 25152 (C:\project\hmsc\hmall\item-service\target\classes started by A in C:\project\hmsc\hmall)
15:54:10:397 DEBUG 25152 --- [main] com.hmall.item.ItemApplication           : Running with Spring Boot v2.7.12, Spring v5.3.27
15:54:10:397  INFO 25152 --- [main] com.hmall.item.ItemApplication           : The following 1 profile is active: "local"
15:54:11:339  INFO 25152 --- [main] o.s.b.w.embedded.tomcat.TomcatWebServer  : Tomcat initialized with port(s): 8081 (http)
15:54:11:345  INFO 25152 --- [main] o.apache.catalina.core.StandardService   : Starting service [Tomcat]
15:54:11:345  INFO 25152 --- [main] org.apache.catalina.core.StandardEngine  : Starting Servlet engine: [Apache Tomcat/9.0.75]
15:54:11:415  INFO 25152 --- [main] o.a.c.c.C.[Tomcat].[localhost].[/]       : Initializing Spring embedded WebApplicationContext
15:54:11:415  INFO 25152 --- [main] w.s.c.ServletWebServerApplicationContext : Root WebApplicationContext: initialization completed in 974 ms
15:54:12:021  INFO 25152 --- [main] pertySourcedRequestMappingHandlerMapping : Mapped URL path [/v2/api-docs] onto method [springfox.documentation.swagger2.web.Swagger2ControllerWebMvc#getDocumentation(String, HttpServletRequest)]
15:54:12:081  INFO 25152 --- [main] o.s.b.w.embedded.tomcat.TomcatWebServer  : Tomcat started on port(s): 8081 (http) with context path ''
15:54:12:082  INFO 25152 --- [main] d.s.w.p.DocumentationPluginsBootstrapper : Documentation plugins bootstrapped
15:54:12:084  INFO 25152 --- [main] d.s.w.p.DocumentationPluginsBootstrapper : Found 1 custom documentation plugin(s)
15:54:12:102  INFO 25152 --- [main] s.d.s.w.s.ApiListingReferenceScanner     : Scanning for api listing references
15:54:12:205  INFO 25152 --- [main] com.hmall.item.ItemApplication           : Started ItemApplication in 2.209 seconds (JVM running for 2.653)
15:54:33:336  INFO 25152 --- [http-nio-8081-exec-1] o.apache.tomcat.util.http.parser.Cookie  : A cookie header was received [Hm_lvt_a1ff8825baa73c3a78eb96aa40325abc=1733717939,1733739366;] that contained an invalid cookie. That cookie will be ignored.
 Note: further occurrences of this error will be logged at DEBUG level.
15:54:33:341  INFO 25152 --- [http-nio-8081-exec-1] o.a.c.c.C.[Tomcat].[localhost].[/]       : Initializing Spring DispatcherServlet 'dispatcherServlet'
15:54:33:341  INFO 25152 --- [http-nio-8081-exec-1] o.s.web.servlet.DispatcherServlet        : Initializing Servlet 'dispatcherServlet'
15:54:33:341  INFO 25152 --- [http-nio-8081-exec-1] o.s.web.servlet.DispatcherServlet        : Completed initialization in 0 ms
15:54:56:500  INFO 25152 --- [http-nio-8081-exec-3] com.zaxxer.hikari.HikariDataSource       : HikariPool-1 - Starting...
15:54:56:805  INFO 25152 --- [http-nio-8081-exec-3] com.zaxxer.hikari.HikariDataSource       : HikariPool-1 - Start completed.
15:54:56:814 DEBUG 25152 --- [http-nio-8081-exec-3] c.h.i.m.ItemMapper.selectPage_mpCount    : ==>  Preparing: SELECT COUNT(*) FROM item
15:54:56:834 DEBUG 25152 --- [http-nio-8081-exec-3] c.h.i.m.ItemMapper.selectPage_mpCount    : ==> Parameters: 
15:54:56:872 DEBUG 25152 --- [http-nio-8081-exec-3] c.h.i.m.ItemMapper.selectPage_mpCount    : <==      Total: 1
15:54:56:884 DEBUG 25152 --- [http-nio-8081-exec-3] c.h.item.mapper.ItemMapper.selectPage    : ==>  Preparing: SELECT id, name, price, stock, image, category, brand, spec, sold, comment_count, isAD, status, create_time, update_time, creater, updater FROM item ORDER BY update_time DESC LIMIT ?
15:54:56:884 DEBUG 25152 --- [http-nio-8081-exec-3] c.h.item.mapper.ItemMapper.selectPage    : ==> Parameters: 20(Long)
15:54:56:902 DEBUG 25152 --- [http-nio-8081-exec-3] c.h.item.mapper.ItemMapper.selectPage    : <==      Total: 20
16:05:22:765  INFO 25152 --- [SpringApplicationShutdownHook] com.zaxxer.hikari.HikariDataSource       : HikariPool-1 - Shutdown initiated...
17:43:10:205  INFO 15072 --- [main] com.hmall.item.ItemApplication           : Starting ItemApplication using Java 17.0.14 on DESKTOP-TQ1K9GE with PID 15072 (C:\project\hmsc\hmall\item-service\target\classes started by A in C:\project\hmsc\hmall)
17:43:10:207 DEBUG 15072 --- [main] com.hmall.item.ItemApplication           : Running with Spring Boot v2.7.12, Spring v5.3.27
17:43:10:207  INFO 15072 --- [main] com.hmall.item.ItemApplication           : The following 1 profile is active: "local"
17:43:11:189  INFO 15072 --- [main] o.s.b.w.embedded.tomcat.TomcatWebServer  : Tomcat initialized with port(s): 8081 (http)
17:43:11:197  INFO 15072 --- [main] o.apache.catalina.core.StandardService   : Starting service [Tomcat]
17:43:11:197  INFO 15072 --- [main] org.apache.catalina.core.StandardEngine  : Starting Servlet engine: [Apache Tomcat/9.0.75]
17:43:11:263  INFO 15072 --- [main] o.a.c.c.C.[Tomcat].[localhost].[/]       : Initializing Spring embedded WebApplicationContext
17:43:11:263  INFO 15072 --- [main] w.s.c.ServletWebServerApplicationContext : Root WebApplicationContext: initialization completed in 1012 ms
17:43:11:824  INFO 15072 --- [main] pertySourcedRequestMappingHandlerMapping : Mapped URL path [/v2/api-docs] onto method [springfox.documentation.swagger2.web.Swagger2ControllerWebMvc#getDocumentation(String, HttpServletRequest)]
17:43:11:887  INFO 15072 --- [main] o.s.b.w.embedded.tomcat.TomcatWebServer  : Tomcat started on port(s): 8081 (http) with context path ''
17:43:11:889  INFO 15072 --- [main] d.s.w.p.DocumentationPluginsBootstrapper : Documentation plugins bootstrapped
17:43:11:890  INFO 15072 --- [main] d.s.w.p.DocumentationPluginsBootstrapper : Found 1 custom documentation plugin(s)
17:43:11:908  INFO 15072 --- [main] s.d.s.w.s.ApiListingReferenceScanner     : Scanning for api listing references
17:43:11:997  INFO 15072 --- [main] com.hmall.item.ItemApplication           : Started ItemApplication in 2.172 seconds (JVM running for 2.658)
17:43:33:156  INFO 15072 --- [http-nio-8081-exec-1] o.apache.tomcat.util.http.parser.Cookie  : A cookie header was received [Hm_lvt_a1ff8825baa73c3a78eb96aa40325abc=1733717939,1733739366;] that contained an invalid cookie. That cookie will be ignored.
 Note: further occurrences of this error will be logged at DEBUG level.
17:43:33:160  INFO 15072 --- [http-nio-8081-exec-1] o.a.c.c.C.[Tomcat].[localhost].[/]       : Initializing Spring DispatcherServlet 'dispatcherServlet'
17:43:33:160  INFO 15072 --- [http-nio-8081-exec-1] o.s.web.servlet.DispatcherServlet        : Initializing Servlet 'dispatcherServlet'
17:43:33:161  INFO 15072 --- [http-nio-8081-exec-1] o.s.web.servlet.DispatcherServlet        : Completed initialization in 1 ms
18:02:48:102  WARN 15072 --- [http-nio-8081-exec-10] .w.s.m.s.DefaultHandlerExceptionResolver : Resolved [org.springframework.web.bind.MissingServletRequestParameterException: Required request parameter 'ids' for method parameter type List is not present]
18:03:03:087  INFO 27528 --- [main] com.hmall.item.ItemApplication           : Starting ItemApplication using Java 17.0.14 on DESKTOP-TQ1K9GE with PID 27528 (C:\project\hmsc\hmall\item-service\target\classes started by A in C:\project\hmsc\hmall)
18:03:03:089 DEBUG 27528 --- [main] com.hmall.item.ItemApplication           : Running with Spring Boot v2.7.12, Spring v5.3.27
18:03:03:089  INFO 27528 --- [main] com.hmall.item.ItemApplication           : The following 1 profile is active: "local"
18:03:04:031  INFO 27528 --- [main] o.s.b.w.embedded.tomcat.TomcatWebServer  : Tomcat initialized with port(s): 8081 (http)
18:03:04:037  INFO 27528 --- [main] o.apache.catalina.core.StandardService   : Starting service [Tomcat]
18:03:04:037  INFO 27528 --- [main] org.apache.catalina.core.StandardEngine  : Starting Servlet engine: [Apache Tomcat/9.0.75]
18:03:04:103  INFO 27528 --- [main] o.a.c.c.C.[Tomcat].[localhost].[/]       : Initializing Spring embedded WebApplicationContext
18:03:04:103  INFO 27528 --- [main] w.s.c.ServletWebServerApplicationContext : Root WebApplicationContext: initialization completed in 971 ms
18:03:04:691  INFO 27528 --- [main] pertySourcedRequestMappingHandlerMapping : Mapped URL path [/v2/api-docs] onto method [springfox.documentation.swagger2.web.Swagger2ControllerWebMvc#getDocumentation(String, HttpServletRequest)]
18:03:04:753  INFO 27528 --- [main] o.s.b.w.embedded.tomcat.TomcatWebServer  : Tomcat started on port(s): 8081 (http) with context path ''
18:03:04:753  INFO 27528 --- [main] d.s.w.p.DocumentationPluginsBootstrapper : Documentation plugins bootstrapped
18:03:04:755  INFO 27528 --- [main] d.s.w.p.DocumentationPluginsBootstrapper : Found 1 custom documentation plugin(s)
18:03:04:775  INFO 27528 --- [main] s.d.s.w.s.ApiListingReferenceScanner     : Scanning for api listing references
18:03:04:861  INFO 27528 --- [main] com.hmall.item.ItemApplication           : Started ItemApplication in 2.167 seconds (JVM running for 2.836)
18:03:20:339  INFO 27528 --- [http-nio-8081-exec-1] o.a.c.c.C.[Tomcat].[localhost].[/]       : Initializing Spring DispatcherServlet 'dispatcherServlet'
18:03:20:340  INFO 27528 --- [http-nio-8081-exec-1] o.s.web.servlet.DispatcherServlet        : Initializing Servlet 'dispatcherServlet'
18:03:20:340  INFO 27528 --- [http-nio-8081-exec-1] o.s.web.servlet.DispatcherServlet        : Completed initialization in 0 ms
18:03:20:358  WARN 27528 --- [http-nio-8081-exec-1] .w.s.m.s.DefaultHandlerExceptionResolver : Resolved [org.springframework.web.bind.MissingServletRequestParameterException: Required request parameter 'ids' for method parameter type List is not present]
18:04:34:321  WARN 27528 --- [http-nio-8081-exec-2] .w.s.m.s.DefaultHandlerExceptionResolver : Resolved [org.springframework.web.method.annotation.MethodArgumentTypeMismatchException: Failed to convert value of type 'java.lang.String' to required type 'java.util.List'; nested exception is java.lang.NumberFormatException: For input string: "$100000006163"]
18:04:36:697  WARN 27528 --- [http-nio-8081-exec-4] .w.s.m.s.DefaultHandlerExceptionResolver : Resolved [org.springframework.web.method.annotation.MethodArgumentTypeMismatchException: Failed to convert value of type 'java.lang.String' to required type 'java.util.List'; nested exception is java.lang.NumberFormatException: For input string: "$100000006163"]
18:04:37:482  WARN 27528 --- [http-nio-8081-exec-3] .w.s.m.s.DefaultHandlerExceptionResolver : Resolved [org.springframework.web.method.annotation.MethodArgumentTypeMismatchException: Failed to convert value of type 'java.lang.String' to required type 'java.util.List'; nested exception is java.lang.NumberFormatException: For input string: "$100000006163"]
18:04:38:072  WARN 27528 --- [http-nio-8081-exec-5] .w.s.m.s.DefaultHandlerExceptionResolver : Resolved [org.springframework.web.method.annotation.MethodArgumentTypeMismatchException: Failed to convert value of type 'java.lang.String' to required type 'java.util.List'; nested exception is java.lang.NumberFormatException: For input string: "$100000006163"]
18:04:38:714  WARN 27528 --- [http-nio-8081-exec-8] .w.s.m.s.DefaultHandlerExceptionResolver : Resolved [org.springframework.web.method.annotation.MethodArgumentTypeMismatchException: Failed to convert value of type 'java.lang.String' to required type 'java.util.List'; nested exception is java.lang.NumberFormatException: For input string: "$100000006163"]
18:04:53:709  INFO 23500 --- [main] com.hmall.item.ItemApplication           : Starting ItemApplication using Java 17.0.14 on DESKTOP-TQ1K9GE with PID 23500 (C:\project\hmsc\hmall\item-service\target\classes started by A in C:\project\hmsc\hmall)
18:04:53:711 DEBUG 23500 --- [main] com.hmall.item.ItemApplication           : Running with Spring Boot v2.7.12, Spring v5.3.27
18:04:53:711  INFO 23500 --- [main] com.hmall.item.ItemApplication           : The following 1 profile is active: "local"
18:04:54:683  INFO 23500 --- [main] o.s.b.w.embedded.tomcat.TomcatWebServer  : Tomcat initialized with port(s): 8081 (http)
18:04:54:689  INFO 23500 --- [main] o.apache.catalina.core.StandardService   : Starting service [Tomcat]
18:04:54:690  INFO 23500 --- [main] org.apache.catalina.core.StandardEngine  : Starting Servlet engine: [Apache Tomcat/9.0.75]
18:04:54:754  INFO 23500 --- [main] o.a.c.c.C.[Tomcat].[localhost].[/]       : Initializing Spring embedded WebApplicationContext
18:04:54:755  INFO 23500 --- [main] w.s.c.ServletWebServerApplicationContext : Root WebApplicationContext: initialization completed in 1004 ms
18:04:55:401  INFO 23500 --- [main] pertySourcedRequestMappingHandlerMapping : Mapped URL path [/v2/api-docs] onto method [springfox.documentation.swagger2.web.Swagger2ControllerWebMvc#getDocumentation(String, HttpServletRequest)]
18:04:55:465  INFO 23500 --- [main] o.s.b.w.embedded.tomcat.TomcatWebServer  : Tomcat started on port(s): 8081 (http) with context path ''
18:04:55:467  INFO 23500 --- [main] d.s.w.p.DocumentationPluginsBootstrapper : Documentation plugins bootstrapped
18:04:55:469  INFO 23500 --- [main] d.s.w.p.DocumentationPluginsBootstrapper : Found 1 custom documentation plugin(s)
18:04:55:491  INFO 23500 --- [main] s.d.s.w.s.ApiListingReferenceScanner     : Scanning for api listing references
18:04:55:613  INFO 23500 --- [main] com.hmall.item.ItemApplication           : Started ItemApplication in 2.285 seconds (JVM running for 2.732)
18:05:13:056  INFO 23500 --- [http-nio-8081-exec-1] o.a.c.c.C.[Tomcat].[localhost].[/]       : Initializing Spring DispatcherServlet 'dispatcherServlet'
18:05:13:056  INFO 23500 --- [http-nio-8081-exec-1] o.s.web.servlet.DispatcherServlet        : Initializing Servlet 'dispatcherServlet'
18:05:13:057  INFO 23500 --- [http-nio-8081-exec-1] o.s.web.servlet.DispatcherServlet        : Completed initialization in 1 ms
18:05:13:077  WARN 23500 --- [http-nio-8081-exec-1] .w.s.m.s.DefaultHandlerExceptionResolver : Resolved [org.springframework.web.method.annotation.MethodArgumentTypeMismatchException: Failed to convert value of type 'java.lang.String' to required type 'java.util.List'; nested exception is java.lang.NumberFormatException: For input string: "$100000006163"]
18:11:35:296  INFO 27456 --- [main] com.hmall.item.ItemApplication           : Starting ItemApplication using Java 17.0.14 on DESKTOP-TQ1K9GE with PID 27456 (C:\project\hmsc\hmall\item-service\target\classes started by A in C:\project\hmsc\hmall)
18:11:35:298 DEBUG 27456 --- [main] com.hmall.item.ItemApplication           : Running with Spring Boot v2.7.12, Spring v5.3.27
18:11:35:298  INFO 27456 --- [main] com.hmall.item.ItemApplication           : The following 1 profile is active: "local"
18:11:36:501  INFO 27456 --- [main] o.s.b.w.embedded.tomcat.TomcatWebServer  : Tomcat initialized with port(s): 8081 (http)
18:11:36:508  INFO 27456 --- [main] o.apache.catalina.core.StandardService   : Starting service [Tomcat]
18:11:36:510  INFO 27456 --- [main] org.apache.catalina.core.StandardEngine  : Starting Servlet engine: [Apache Tomcat/9.0.75]
18:11:36:577  INFO 27456 --- [main] o.a.c.c.C.[Tomcat].[localhost].[/]       : Initializing Spring embedded WebApplicationContext
18:11:36:577  INFO 27456 --- [main] w.s.c.ServletWebServerApplicationContext : Root WebApplicationContext: initialization completed in 1233 ms
18:11:37:175  INFO 27456 --- [main] pertySourcedRequestMappingHandlerMapping : Mapped URL path [/v2/api-docs] onto method [springfox.documentation.swagger2.web.Swagger2ControllerWebMvc#getDocumentation(String, HttpServletRequest)]
18:11:37:231  INFO 27456 --- [main] o.s.b.w.embedded.tomcat.TomcatWebServer  : Tomcat started on port(s): 8081 (http) with context path ''
18:11:37:232  INFO 27456 --- [main] d.s.w.p.DocumentationPluginsBootstrapper : Documentation plugins bootstrapped
18:11:37:233  INFO 27456 --- [main] d.s.w.p.DocumentationPluginsBootstrapper : Found 1 custom documentation plugin(s)
18:11:37:253  INFO 27456 --- [main] s.d.s.w.s.ApiListingReferenceScanner     : Scanning for api listing references
18:11:37:348  INFO 27456 --- [main] com.hmall.item.ItemApplication           : Started ItemApplication in 2.476 seconds (JVM running for 2.988)
18:11:44:838  INFO 27456 --- [http-nio-8081-exec-1] o.a.c.c.C.[Tomcat].[localhost].[/]       : Initializing Spring DispatcherServlet 'dispatcherServlet'
18:11:44:839  INFO 27456 --- [http-nio-8081-exec-1] o.s.web.servlet.DispatcherServlet        : Initializing Servlet 'dispatcherServlet'
18:11:44:839  INFO 27456 --- [http-nio-8081-exec-1] o.s.web.servlet.DispatcherServlet        : Completed initialization in 0 ms
18:11:44:891  INFO 27456 --- [http-nio-8081-exec-1] com.zaxxer.hikari.HikariDataSource       : HikariPool-1 - Starting...
18:11:45:209  INFO 27456 --- [http-nio-8081-exec-1] com.zaxxer.hikari.HikariDataSource       : HikariPool-1 - Start completed.
18:11:45:215 DEBUG 27456 --- [http-nio-8081-exec-1] c.h.i.mapper.ItemMapper.selectBatchIds   : ==>  Preparing: SELECT id,name,price,stock,image,category,brand,spec,sold,comment_count,isAD,status,create_time,update_time,creater,updater FROM item WHERE id IN ( ? )
18:11:45:234 DEBUG 27456 --- [http-nio-8081-exec-1] c.h.i.mapper.ItemMapper.selectBatchIds   : ==> Parameters: 100000006163(Long)
18:11:45:263 DEBUG 27456 --- [http-nio-8081-exec-1] c.h.i.mapper.ItemMapper.selectBatchIds   : <==      Total: 1
18:14:27:681 DEBUG 27456 --- [http-nio-8081-exec-3] c.h.i.mapper.ItemMapper.selectBatchIds   : ==>  Preparing: SELECT id,name,price,stock,image,category,brand,spec,sold,comment_count,isAD,status,create_time,update_time,creater,updater FROM item WHERE id IN ( ? )
18:14:27:682 DEBUG 27456 --- [http-nio-8081-exec-3] c.h.i.mapper.ItemMapper.selectBatchIds   : ==> Parameters: 100000006163(Long)
18:14:27:691 DEBUG 27456 --- [http-nio-8081-exec-3] c.h.i.mapper.ItemMapper.selectBatchIds   : <==      Total: 1
